INFO: [SIM 2] *************** CSIM start ***************
INFO: [SIM 4] CSIM will launch GCC as the compiler.
   Compiling ../../../systolic_array_elementwise_tb.cpp in debug mode
   Generating csim.exe

[DEBUG] PE0 BEGIN cycle=0 phase=LOAD topCount=0 accum=(0,0)
   MB[0] [Weight](Real)(done) destPE=-1 =>(0,0)
   MB[1] [Weight](Complex)(done) destPE=-1 =>(0,0)
   MB[2] [Partial](Real)(needsM) destPE=-1 =>(0,0)
   MB[3] [Partial](Real)(needsM) destPE=-1 =>(0,0)
   MB[4] [Partial](Real)(needsM) destPE=-1 =>(0,0)
   MB[5] [Partial](Real)(needsM) destPE=-1 =>(0,0)
   MB[6] [Partial](Real)(needsM) destPE=-1 =>(0,0)
   MB[7] [Partial](Real)(needsM) destPE=-1 =>(0,0)

[DEBUG] PE0 AFTER INGEST cycle=0 phase=LOAD topCount=4 accum=(0,0)
   MB[0] [Weight](Real)(done) destPE=-1 =>(0,0)
   MB[1] [Weight](Complex)(done) destPE=-1 =>(0,0)
   MB[2] [Weight](Real)(done) destPE=0 =>(2,0)
   MB[3] [Weight](Complex)(done) destPE=0 =>(0,4)
   MB[4] [Weight](Real)(done) destPE=1 =>(3,0)
   MB[5] [Weight](Complex)(done) destPE=1 =>(0,5)
   MB[6] [Partial](Real)(needsM) destPE=-1 =>(0,0)
   MB[7] [Partial](Real)(needsM) destPE=-1 =>(0,0)

[DEBUG] PE0 AFTER IMMEDIATE LOAD WEIGHTS cycle=0 phase=LOAD topCount=2 accum=(0,0)
   MB[0] [Weight](Real)(done) destPE=0 =>(2,0)
   MB[1] [Weight](Complex)(done) destPE=0 =>(0,4)
   MB[2] [Weight](Real)(done) destPE=1 =>(3,0)
   MB[3] [Weight](Complex)(done) destPE=1 =>(0,5)
   MB[4] [Weight](Complex)(done) destPE=1 =>(0,5)
   MB[5] [Weight](Complex)(done) destPE=1 =>(0,5)
   MB[6] [Partial](Real)(needsM) destPE=-1 =>(0,0)
   MB[7] [Partial](Real)(needsM) destPE=-1 =>(0,0)

[DEBUG] PE0 END PHASE_LOAD cycle=0 phase=LOAD topCount=2 accum=(0,0)
   MB[0] [Weight](Real)(done) destPE=0 =>(2,0)
   MB[1] [Weight](Complex)(done) destPE=0 =>(0,4)
   MB[2] [Weight](Real)(done) destPE=1 =>(3,0)
   MB[3] [Weight](Complex)(done) destPE=1 =>(0,5)
   MB[4] [Weight](Complex)(done) destPE=1 =>(0,5)
   MB[5] [Weight](Complex)(done) destPE=1 =>(0,5)
   MB[6] [Partial](Real)(needsM) destPE=-1 =>(0,0)
   MB[7] [Partial](Real)(needsM) destPE=-1 =>(0,0)

[DEBUG] PE1 BEGIN cycle=0 phase=LOAD topCount=0 accum=(0,0)
   MB[0] [Weight](Real)(done) destPE=-1 =>(0,0)
   MB[1] [Weight](Complex)(done) destPE=-1 =>(0,0)
   MB[2] [Partial](Real)(needsM) destPE=-1 =>(0,0)
   MB[3] [Partial](Real)(needsM) destPE=-1 =>(0,0)
   MB[4] [Partial](Real)(needsM) destPE=-1 =>(0,0)
   MB[5] [Partial](Real)(needsM) destPE=-1 =>(0,0)
   MB[6] [Partial](Real)(needsM) destPE=-1 =>(0,0)
   MB[7] [Partial](Real)(needsM) destPE=-1 =>(0,0)

[DEBUG] PE1 AFTER INGEST cycle=0 phase=LOAD topCount=0 accum=(0,0)
   MB[0] [Weight](Real)(done) destPE=-1 =>(0,0)
   MB[1] [Weight](Complex)(done) destPE=-1 =>(0,0)
   MB[2] [Partial](Real)(needsM) destPE=-1 =>(0,0)
   MB[3] [Partial](Real)(needsM) destPE=-1 =>(0,0)
   MB[4] [Partial](Real)(needsM) destPE=-1 =>(0,0)
   MB[5] [Partial](Real)(needsM) destPE=-1 =>(0,0)
   MB[6] [Partial](Real)(needsM) destPE=-1 =>(0,0)
   MB[7] [Partial](Real)(needsM) destPE=-1 =>(0,0)

[DEBUG] PE1 AFTER IMMEDIATE LOAD WEIGHTS cycle=0 phase=LOAD topCount=0 accum=(0,0)
   MB[0] [Weight](Real)(done) destPE=-1 =>(0,0)
   MB[1] [Weight](Complex)(done) destPE=-1 =>(0,0)
   MB[2] [Partial](Real)(needsM) destPE=-1 =>(0,0)
   MB[3] [Partial](Real)(needsM) destPE=-1 =>(0,0)
   MB[4] [Partial](Real)(needsM) destPE=-1 =>(0,0)
   MB[5] [Partial](Real)(needsM) destPE=-1 =>(0,0)
   MB[6] [Partial](Real)(needsM) destPE=-1 =>(0,0)
   MB[7] [Partial](Real)(needsM) destPE=-1 =>(0,0)

[DEBUG] PE1 END PHASE_LOAD cycle=0 phase=LOAD topCount=0 accum=(0,0)
   MB[0] [Weight](Real)(done) destPE=-1 =>(0,0)
   MB[1] [Weight](Complex)(done) destPE=-1 =>(0,0)
   MB[2] [Partial](Real)(needsM) destPE=-1 =>(0,0)
   MB[3] [Partial](Real)(needsM) destPE=-1 =>(0,0)
   MB[4] [Partial](Real)(needsM) destPE=-1 =>(0,0)
   MB[5] [Partial](Real)(needsM) destPE=-1 =>(0,0)
   MB[6] [Partial](Real)(needsM) destPE=-1 =>(0,0)
   MB[7] [Partial](Real)(needsM) destPE=-1 =>(0,0)

[DEBUG] PE0 BEGIN cycle=1 phase=MULT topCount=2 accum=(0,0)
   MB[0] [Weight](Real)(done) destPE=0 =>(2,0)
   MB[1] [Weight](Complex)(done) destPE=0 =>(0,4)
   MB[2] [Weight](Real)(done) destPE=1 =>(3,0)
   MB[3] [Weight](Complex)(done) destPE=1 =>(0,5)
   MB[4] [Weight](Complex)(done) destPE=1 =>(0,5)
   MB[5] [Weight](Complex)(done) destPE=1 =>(0,5)
   MB[6] [Partial](Real)(needsM) destPE=-1 =>(0,0)
   MB[7] [Partial](Real)(needsM) destPE=-1 =>(0,0)

[DEBUG] PE0 AFTER MULTIPLY cycle=1 phase=MULT topCount=2 accum=(0,0)
   MB[0] [Weight](Real)(done) destPE=0 =>(2,0)
   MB[1] [Weight](Complex)(done) destPE=0 =>(0,4)
   MB[2] [Weight](Real)(done) destPE=1 =>(3,0)
   MB[3] [Weight](Complex)(done) destPE=1 =>(0,5)
   MB[4] [Weight](Complex)(done) destPE=1 =>(0,5)
   MB[5] [Weight](Complex)(done) destPE=1 =>(0,5)
   MB[6] [Partial](Real)(needsM) destPE=-1 =>(0,0)
   MB[7] [Partial](Real)(needsM) destPE=-1 =>(0,0)

[DEBUG] PE0 AFTER INSERT PRODUCED cycle=1 phase=MULT topCount=2 accum=(0,0)
   MB[0] [Weight](Real)(done) destPE=0 =>(2,0)
   MB[1] [Weight](Complex)(done) destPE=0 =>(0,4)
   MB[2] [Weight](Real)(done) destPE=1 =>(3,0)
   MB[3] [Weight](Complex)(done) destPE=1 =>(0,5)
   MB[4] [Weight](Complex)(done) destPE=1 =>(0,5)
   MB[5] [Weight](Complex)(done) destPE=1 =>(0,5)
   MB[6] [Partial](Real)(needsM) destPE=-1 =>(0,0)
   MB[7] [Partial](Real)(needsM) destPE=-1 =>(0,0)

[DEBUG] PE0 END PHASE_MULT cycle=1 phase=MULT topCount=0 accum=(0,0)
   MB[0] [Weight](Real)(done) destPE=0 =>(2,0)
   MB[1] [Weight](Complex)(done) destPE=0 =>(0,4)
   MB[2] [Weight](Complex)(done) destPE=1 =>(0,5)
   MB[3] [Weight](Complex)(done) destPE=1 =>(0,5)
   MB[4] [Weight](Complex)(done) destPE=1 =>(0,5)
   MB[5] [Weight](Complex)(done) destPE=1 =>(0,5)
   MB[6] [Partial](Real)(needsM) destPE=-1 =>(0,0)
   MB[7] [Partial](Real)(needsM) destPE=-1 =>(0,0)

[DEBUG] PE1 BEGIN cycle=1 phase=MULT topCount=0 accum=(0,0)
   MB[0] [Weight](Real)(done) destPE=-1 =>(0,0)
   MB[1] [Weight](Complex)(done) destPE=-1 =>(0,0)
   MB[2] [Partial](Real)(needsM) destPE=-1 =>(0,0)
   MB[3] [Partial](Real)(needsM) destPE=-1 =>(0,0)
   MB[4] [Partial](Real)(needsM) destPE=-1 =>(0,0)
   MB[5] [Partial](Real)(needsM) destPE=-1 =>(0,0)
   MB[6] [Partial](Real)(needsM) destPE=-1 =>(0,0)
   MB[7] [Partial](Real)(needsM) destPE=-1 =>(0,0)

[DEBUG] PE1 AFTER MULTIPLY cycle=1 phase=MULT topCount=0 accum=(0,0)
   MB[0] [Weight](Real)(done) destPE=-1 =>(0,0)
   MB[1] [Weight](Complex)(done) destPE=-1 =>(0,0)
   MB[2] [Partial](Real)(needsM) destPE=-1 =>(0,0)
   MB[3] [Partial](Real)(needsM) destPE=-1 =>(0,0)
   MB[4] [Partial](Real)(needsM) destPE=-1 =>(0,0)
   MB[5] [Partial](Real)(needsM) destPE=-1 =>(0,0)
   MB[6] [Partial](Real)(needsM) destPE=-1 =>(0,0)
   MB[7] [Partial](Real)(needsM) destPE=-1 =>(0,0)

[DEBUG] PE1 AFTER INSERT PRODUCED cycle=1 phase=MULT topCount=0 accum=(0,0)
   MB[0] [Weight](Real)(done) destPE=-1 =>(0,0)
   MB[1] [Weight](Complex)(done) destPE=-1 =>(0,0)
   MB[2] [Partial](Real)(needsM) destPE=-1 =>(0,0)
   MB[3] [Partial](Real)(needsM) destPE=-1 =>(0,0)
   MB[4] [Partial](Real)(needsM) destPE=-1 =>(0,0)
   MB[5] [Partial](Real)(needsM) destPE=-1 =>(0,0)
   MB[6] [Partial](Real)(needsM) destPE=-1 =>(0,0)
   MB[7] [Partial](Real)(needsM) destPE=-1 =>(0,0)

[DEBUG] PE1 END PHASE_MULT cycle=1 phase=MULT topCount=0 accum=(0,0)
   MB[0] [Weight](Real)(done) destPE=-1 =>(0,0)
   MB[1] [Weight](Complex)(done) destPE=-1 =>(0,0)
   MB[2] [Partial](Real)(needsM) destPE=-1 =>(0,0)
   MB[3] [Partial](Real)(needsM) destPE=-1 =>(0,0)
   MB[4] [Partial](Real)(needsM) destPE=-1 =>(0,0)
   MB[5] [Partial](Real)(needsM) destPE=-1 =>(0,0)
   MB[6] [Partial](Real)(needsM) destPE=-1 =>(0,0)
   MB[7] [Partial](Real)(needsM) destPE=-1 =>(0,0)

[DEBUG] PE0 BEGIN cycle=2 phase=LOAD topCount=0 accum=(0,0)
   MB[0] [Weight](Real)(done) destPE=0 =>(2,0)
   MB[1] [Weight](Complex)(done) destPE=0 =>(0,4)
   MB[2] [Weight](Complex)(done) destPE=1 =>(0,5)
   MB[3] [Weight](Complex)(done) destPE=1 =>(0,5)
   MB[4] [Weight](Complex)(done) destPE=1 =>(0,5)
   MB[5] [Weight](Complex)(done) destPE=1 =>(0,5)
   MB[6] [Partial](Real)(needsM) destPE=-1 =>(0,0)
   MB[7] [Partial](Real)(needsM) destPE=-1 =>(0,0)

[DEBUG] PE0 AFTER INGEST cycle=2 phase=LOAD topCount=2 accum=(0,0)
   MB[0] [Weight](Real)(done) destPE=0 =>(2,0)
   MB[1] [Weight](Complex)(done) destPE=0 =>(0,4)
   MB[2] [Partial](Real)(needsM) destPE=0 =>(1,1)
   MB[3] [Partial](Real)(needsM) destPE=1 =>(2,2)
   MB[4] [Weight](Complex)(done) destPE=1 =>(0,5)
   MB[5] [Weight](Complex)(done) destPE=1 =>(0,5)
   MB[6] [Partial](Real)(needsM) destPE=-1 =>(0,0)
   MB[7] [Partial](Real)(needsM) destPE=-1 =>(0,0)

[DEBUG] PE0 AFTER IMMEDIATE LOAD WEIGHTS cycle=2 phase=LOAD topCount=2 accum=(0,0)
   MB[0] [Weight](Real)(done) destPE=0 =>(2,0)
   MB[1] [Weight](Complex)(done) destPE=0 =>(0,4)
   MB[2] [Partial](Real)(needsM) destPE=0 =>(1,1)
   MB[3] [Partial](Real)(needsM) destPE=1 =>(2,2)
   MB[4] [Weight](Complex)(done) destPE=1 =>(0,5)
   MB[5] [Weight](Complex)(done) destPE=1 =>(0,5)
   MB[6] [Partial](Real)(needsM) destPE=-1 =>(0,0)
   MB[7] [Partial](Real)(needsM) destPE=-1 =>(0,0)

[DEBUG] PE0 END PHASE_LOAD cycle=2 phase=LOAD topCount=1 accum=(0,0)
   MB[0] [Weight](Real)(done) destPE=0 =>(2,0)
   MB[1] [Weight](Complex)(done) destPE=0 =>(0,4)
   MB[2] [Partial](Real)(needsM) destPE=0 =>(1,1)
   MB[3] [Partial](Real)(needsM) destPE=1 =>(2,2)
   MB[4] [Weight](Complex)(done) destPE=1 =>(0,5)
   MB[5] [Weight](Complex)(done) destPE=1 =>(0,5)
   MB[6] [Partial](Real)(needsM) destPE=-1 =>(0,0)
   MB[7] [Partial](Real)(needsM) destPE=-1 =>(0,0)

[DEBUG] PE1 BEGIN cycle=2 phase=LOAD topCount=0 accum=(0,0)
   MB[0] [Weight](Real)(done) destPE=-1 =>(0,0)
   MB[1] [Weight](Complex)(done) destPE=-1 =>(0,0)
   MB[2] [Partial](Real)(needsM) destPE=-1 =>(0,0)
   MB[3] [Partial](Real)(needsM) destPE=-1 =>(0,0)
   MB[4] [Partial](Real)(needsM) destPE=-1 =>(0,0)
   MB[5] [Partial](Real)(needsM) destPE=-1 =>(0,0)
   MB[6] [Partial](Real)(needsM) destPE=-1 =>(0,0)
   MB[7] [Partial](Real)(needsM) destPE=-1 =>(0,0)

[DEBUG] PE1 AFTER INGEST cycle=2 phase=LOAD topCount=3 accum=(0,0)
   MB[0] [Weight](Real)(done) destPE=-1 =>(0,0)
   MB[1] [Weight](Complex)(done) destPE=-1 =>(0,0)
   MB[2] [Weight](Real)(done) destPE=1 =>(3,0)
   MB[3] [Weight](Complex)(done) destPE=1 =>(0,5)
   MB[4] [Partial](Real)(needsM) destPE=1 =>(2,2)
   MB[5] [Partial](Real)(needsM) destPE=-1 =>(0,0)
   MB[6] [Partial](Real)(needsM) destPE=-1 =>(0,0)
   MB[7] [Partial](Real)(needsM) destPE=-1 =>(0,0)

[DEBUG] PE1 AFTER IMMEDIATE LOAD WEIGHTS cycle=2 phase=LOAD topCount=1 accum=(0,0)
   MB[0] [Weight](Real)(done) destPE=1 =>(3,0)
   MB[1] [Weight](Complex)(done) destPE=1 =>(0,5)
   MB[2] [Partial](Real)(needsM) destPE=1 =>(2,2)
   MB[3] [Partial](Real)(needsM) destPE=1 =>(2,2)
   MB[4] [Partial](Real)(needsM) destPE=1 =>(2,2)
   MB[5] [Partial](Real)(needsM) destPE=-1 =>(0,0)
   MB[6] [Partial](Real)(needsM) destPE=-1 =>(0,0)
   MB[7] [Partial](Real)(needsM) destPE=-1 =>(0,0)

[DEBUG] PE1 END PHASE_LOAD cycle=2 phase=LOAD topCount=1 accum=(0,0)
   MB[0] [Weight](Real)(done) destPE=1 =>(3,0)
   MB[1] [Weight](Complex)(done) destPE=1 =>(0,5)
   MB[2] [Partial](Real)(needsM) destPE=1 =>(2,2)
   MB[3] [Partial](Real)(needsM) destPE=1 =>(2,2)
   MB[4] [Partial](Real)(needsM) destPE=1 =>(2,2)
   MB[5] [Partial](Real)(needsM) destPE=-1 =>(0,0)
   MB[6] [Partial](Real)(needsM) destPE=-1 =>(0,0)
   MB[7] [Partial](Real)(needsM) destPE=-1 =>(0,0)

[DEBUG] PE0 BEGIN cycle=3 phase=MULT topCount=1 accum=(0,0)
   MB[0] [Weight](Real)(done) destPE=0 =>(2,0)
   MB[1] [Weight](Complex)(done) destPE=0 =>(0,4)
   MB[2] [Partial](Real)(needsM) destPE=0 =>(1,1)
   MB[3] [Partial](Real)(needsM) destPE=1 =>(2,2)
   MB[4] [Weight](Complex)(done) destPE=1 =>(0,5)
   MB[5] [Weight](Complex)(done) destPE=1 =>(0,5)
   MB[6] [Partial](Real)(needsM) destPE=-1 =>(0,0)
   MB[7] [Partial](Real)(needsM) destPE=-1 =>(0,0)

[DEBUG] PE0 AFTER MULTIPLY cycle=3 phase=MULT topCount=0 accum=(0,0)
   MB[0] [Weight](Real)(done) destPE=0 =>(2,0)
   MB[1] [Weight](Complex)(done) destPE=0 =>(0,4)
   MB[2] [Partial](Real)(needsM) destPE=0 =>(1,1)
   MB[3] [Partial](Real)(needsM) destPE=1 =>(2,2)
   MB[4] [Weight](Complex)(done) destPE=1 =>(0,5)
   MB[5] [Weight](Complex)(done) destPE=1 =>(0,5)
   MB[6] [Partial](Real)(needsM) destPE=-1 =>(0,0)
   MB[7] [Partial](Real)(needsM) destPE=-1 =>(0,0)

[DEBUG] PE0 AFTER INSERT PRODUCED cycle=3 phase=MULT topCount=2 accum=(0,0)
   MB[0] [Weight](Real)(done) destPE=0 =>(2,0)
   MB[1] [Weight](Complex)(done) destPE=0 =>(0,4)
   MB[2] [Partial](Real)(done) destPE=1 =>(-2,0)
   MB[3] [Partial](Complex)(done) destPE=1 =>(0,6)
   MB[4] [Weight](Complex)(done) destPE=1 =>(0,5)
   MB[5] [Weight](Complex)(done) destPE=1 =>(0,5)
   MB[6] [Partial](Real)(needsM) destPE=-1 =>(0,0)
   MB[7] [Partial](Real)(needsM) destPE=-1 =>(0,0)

[DEBUG] PE0 END PHASE_MULT cycle=3 phase=MULT topCount=0 accum=(0,0)
   MB[0] [Weight](Real)(done) destPE=0 =>(2,0)
   MB[1] [Weight](Complex)(done) destPE=0 =>(0,4)
   MB[2] [Partial](Complex)(done) destPE=1 =>(0,6)
   MB[3] [Partial](Complex)(done) destPE=1 =>(0,6)
   MB[4] [Weight](Complex)(done) destPE=1 =>(0,5)
   MB[5] [Weight](Complex)(done) destPE=1 =>(0,5)
   MB[6] [Partial](Real)(needsM) destPE=-1 =>(0,0)
   MB[7] [Partial](Real)(needsM) destPE=-1 =>(0,0)

[DEBUG] PE1 BEGIN cycle=3 phase=MULT topCount=1 accum=(0,0)
   MB[0] [Weight](Real)(done) destPE=1 =>(3,0)
   MB[1] [Weight](Complex)(done) destPE=1 =>(0,5)
   MB[2] [Partial](Real)(needsM) destPE=1 =>(2,2)
   MB[3] [Partial](Real)(needsM) destPE=1 =>(2,2)
   MB[4] [Partial](Real)(needsM) destPE=1 =>(2,2)
   MB[5] [Partial](Real)(needsM) destPE=-1 =>(0,0)
   MB[6] [Partial](Real)(needsM) destPE=-1 =>(0,0)
   MB[7] [Partial](Real)(needsM) destPE=-1 =>(0,0)

[DEBUG] PE1 AFTER MULTIPLY cycle=3 phase=MULT topCount=0 accum=(0,0)
   MB[0] [Weight](Real)(done) destPE=1 =>(3,0)
   MB[1] [Weight](Complex)(done) destPE=1 =>(0,5)
   MB[2] [Partial](Real)(needsM) destPE=1 =>(2,2)
   MB[3] [Partial](Real)(needsM) destPE=1 =>(2,2)
   MB[4] [Partial](Real)(needsM) destPE=1 =>(2,2)
   MB[5] [Partial](Real)(needsM) destPE=-1 =>(0,0)
   MB[6] [Partial](Real)(needsM) destPE=-1 =>(0,0)
   MB[7] [Partial](Real)(needsM) destPE=-1 =>(0,0)

[DEBUG] PE1 AFTER INSERT PRODUCED cycle=3 phase=MULT topCount=2 accum=(0,0)
   MB[0] [Weight](Real)(done) destPE=1 =>(3,0)
   MB[1] [Weight](Complex)(done) destPE=1 =>(0,5)
   MB[2] [Partial](Real)(done) destPE=-1 =>(-4,0)
   MB[3] [Partial](Complex)(done) destPE=-1 =>(0,16)
   MB[4] [Partial](Real)(needsM) destPE=1 =>(2,2)
   MB[5] [Partial](Real)(needsM) destPE=-1 =>(0,0)
   MB[6] [Partial](Real)(needsM) destPE=-1 =>(0,0)
   MB[7] [Partial](Real)(needsM) destPE=-1 =>(0,0)

[DEBUG] PE1 END PHASE_MULT cycle=3 phase=MULT topCount=0 accum=(0,0)
   MB[0] [Weight](Real)(done) destPE=1 =>(3,0)
   MB[1] [Weight](Complex)(done) destPE=1 =>(0,5)
   MB[2] [Partial](Complex)(done) destPE=-1 =>(0,16)
   MB[3] [Partial](Complex)(done) destPE=-1 =>(0,16)
   MB[4] [Partial](Real)(needsM) destPE=1 =>(2,2)
   MB[5] [Partial](Real)(needsM) destPE=-1 =>(0,0)
   MB[6] [Partial](Real)(needsM) destPE=-1 =>(0,0)
   MB[7] [Partial](Real)(needsM) destPE=-1 =>(0,0)

[DEBUG] PE0 BEGIN cycle=4 phase=LOAD topCount=0 accum=(0,0)
   MB[0] [Weight](Real)(done) destPE=0 =>(2,0)
   MB[1] [Weight](Complex)(done) destPE=0 =>(0,4)
   MB[2] [Partial](Complex)(done) destPE=1 =>(0,6)
   MB[3] [Partial](Complex)(done) destPE=1 =>(0,6)
   MB[4] [Weight](Complex)(done) destPE=1 =>(0,5)
   MB[5] [Weight](Complex)(done) destPE=1 =>(0,5)
   MB[6] [Partial](Real)(needsM) destPE=-1 =>(0,0)
   MB[7] [Partial](Real)(needsM) destPE=-1 =>(0,0)

[DEBUG] PE0 AFTER INGEST cycle=4 phase=LOAD topCount=0 accum=(0,0)
   MB[0] [Weight](Real)(done) destPE=0 =>(2,0)
   MB[1] [Weight](Complex)(done) destPE=0 =>(0,4)
   MB[2] [Partial](Complex)(done) destPE=1 =>(0,6)
   MB[3] [Partial](Complex)(done) destPE=1 =>(0,6)
   MB[4] [Weight](Complex)(done) destPE=1 =>(0,5)
   MB[5] [Weight](Complex)(done) destPE=1 =>(0,5)
   MB[6] [Partial](Real)(needsM) destPE=-1 =>(0,0)
   MB[7] [Partial](Real)(needsM) destPE=-1 =>(0,0)

[DEBUG] PE0 AFTER IMMEDIATE LOAD WEIGHTS cycle=4 phase=LOAD topCount=0 accum=(0,0)
   MB[0] [Weight](Real)(done) destPE=0 =>(2,0)
   MB[1] [Weight](Complex)(done) destPE=0 =>(0,4)
   MB[2] [Partial](Complex)(done) destPE=1 =>(0,6)
   MB[3] [Partial](Complex)(done) destPE=1 =>(0,6)
   MB[4] [Weight](Complex)(done) destPE=1 =>(0,5)
   MB[5] [Weight](Complex)(done) destPE=1 =>(0,5)
   MB[6] [Partial](Real)(needsM) destPE=-1 =>(0,0)
   MB[7] [Partial](Real)(needsM) destPE=-1 =>(0,0)

[DEBUG] PE0 END PHASE_LOAD cycle=4 phase=LOAD topCount=0 accum=(0,0)
   MB[0] [Weight](Real)(done) destPE=0 =>(2,0)
   MB[1] [Weight](Complex)(done) destPE=0 =>(0,4)
   MB[2] [Partial](Complex)(done) destPE=1 =>(0,6)
   MB[3] [Partial](Complex)(done) destPE=1 =>(0,6)
   MB[4] [Weight](Complex)(done) destPE=1 =>(0,5)
   MB[5] [Weight](Complex)(done) destPE=1 =>(0,5)
   MB[6] [Partial](Real)(needsM) destPE=-1 =>(0,0)
   MB[7] [Partial](Real)(needsM) destPE=-1 =>(0,0)

[DEBUG] PE1 BEGIN cycle=4 phase=LOAD topCount=0 accum=(0,0)
   MB[0] [Weight](Real)(done) destPE=1 =>(3,0)
   MB[1] [Weight](Complex)(done) destPE=1 =>(0,5)
   MB[2] [Partial](Complex)(done) destPE=-1 =>(0,16)
   MB[3] [Partial](Complex)(done) destPE=-1 =>(0,16)
   MB[4] [Partial](Real)(needsM) destPE=1 =>(2,2)
   MB[5] [Partial](Real)(needsM) destPE=-1 =>(0,0)
   MB[6] [Partial](Real)(needsM) destPE=-1 =>(0,0)
   MB[7] [Partial](Real)(needsM) destPE=-1 =>(0,0)

[DEBUG] PE1 AFTER INGEST cycle=4 phase=LOAD topCount=2 accum=(0,0)
   MB[0] [Weight](Real)(done) destPE=1 =>(3,0)
   MB[1] [Weight](Complex)(done) destPE=1 =>(0,5)
   MB[2] [Partial](Real)(done) destPE=1 =>(-2,0)
   MB[3] [Partial](Complex)(done) destPE=1 =>(0,6)
   MB[4] [Partial](Real)(needsM) destPE=1 =>(2,2)
   MB[5] [Partial](Real)(needsM) destPE=-1 =>(0,0)
   MB[6] [Partial](Real)(needsM) destPE=-1 =>(0,0)
   MB[7] [Partial](Real)(needsM) destPE=-1 =>(0,0)

[DEBUG] PE1 AFTER IMMEDIATE LOAD WEIGHTS cycle=4 phase=LOAD topCount=2 accum=(0,0)
   MB[0] [Weight](Real)(done) destPE=1 =>(3,0)
   MB[1] [Weight](Complex)(done) destPE=1 =>(0,5)
   MB[2] [Partial](Real)(done) destPE=1 =>(-2,0)
   MB[3] [Partial](Complex)(done) destPE=1 =>(0,6)
   MB[4] [Partial](Real)(needsM) destPE=1 =>(2,2)
   MB[5] [Partial](Real)(needsM) destPE=-1 =>(0,0)
   MB[6] [Partial](Real)(needsM) destPE=-1 =>(0,0)
   MB[7] [Partial](Real)(needsM) destPE=-1 =>(0,0)

[DEBUG] PE1 END PHASE_LOAD cycle=4 phase=LOAD topCount=0 accum=(0,0)
   MB[0] [Weight](Real)(done) destPE=1 =>(3,0)
   MB[1] [Weight](Complex)(done) destPE=1 =>(0,5)
   MB[2] [Partial](Complex)(done) destPE=1 =>(0,6)
   MB[3] [Partial](Complex)(done) destPE=1 =>(0,6)
   MB[4] [Partial](Real)(needsM) destPE=1 =>(2,2)
   MB[5] [Partial](Real)(needsM) destPE=-1 =>(0,0)
   MB[6] [Partial](Real)(needsM) destPE=-1 =>(0,0)
   MB[7] [Partial](Real)(needsM) destPE=-1 =>(0,0)

[DEBUG] PE0 BEGIN cycle=5 phase=MULT topCount=0 accum=(0,0)
   MB[0] [Weight](Real)(done) destPE=0 =>(2,0)
   MB[1] [Weight](Complex)(done) destPE=0 =>(0,4)
   MB[2] [Partial](Complex)(done) destPE=1 =>(0,6)
   MB[3] [Partial](Complex)(done) destPE=1 =>(0,6)
   MB[4] [Weight](Complex)(done) destPE=1 =>(0,5)
   MB[5] [Weight](Complex)(done) destPE=1 =>(0,5)
   MB[6] [Partial](Real)(needsM) destPE=-1 =>(0,0)
   MB[7] [Partial](Real)(needsM) destPE=-1 =>(0,0)

[DEBUG] PE0 AFTER MULTIPLY cycle=5 phase=MULT topCount=0 accum=(0,0)
   MB[0] [Weight](Real)(done) destPE=0 =>(2,0)
   MB[1] [Weight](Complex)(done) destPE=0 =>(0,4)
   MB[2] [Partial](Complex)(done) destPE=1 =>(0,6)
   MB[3] [Partial](Complex)(done) destPE=1 =>(0,6)
   MB[4] [Weight](Complex)(done) destPE=1 =>(0,5)
   MB[5] [Weight](Complex)(done) destPE=1 =>(0,5)
   MB[6] [Partial](Real)(needsM) destPE=-1 =>(0,0)
   MB[7] [Partial](Real)(needsM) destPE=-1 =>(0,0)

[DEBUG] PE0 AFTER INSERT PRODUCED cycle=5 phase=MULT topCount=0 accum=(0,0)
   MB[0] [Weight](Real)(done) destPE=0 =>(2,0)
   MB[1] [Weight](Complex)(done) destPE=0 =>(0,4)
   MB[2] [Partial](Complex)(done) destPE=1 =>(0,6)
   MB[3] [Partial](Complex)(done) destPE=1 =>(0,6)
   MB[4] [Weight](Complex)(done) destPE=1 =>(0,5)
   MB[5] [Weight](Complex)(done) destPE=1 =>(0,5)
   MB[6] [Partial](Real)(needsM) destPE=-1 =>(0,0)
   MB[7] [Partial](Real)(needsM) destPE=-1 =>(0,0)

[DEBUG] PE0 END PHASE_MULT cycle=5 phase=MULT topCount=0 accum=(0,0)
   MB[0] [Weight](Real)(done) destPE=0 =>(2,0)
   MB[1] [Weight](Complex)(done) destPE=0 =>(0,4)
   MB[2] [Partial](Complex)(done) destPE=1 =>(0,6)
   MB[3] [Partial](Complex)(done) destPE=1 =>(0,6)
   MB[4] [Weight](Complex)(done) destPE=1 =>(0,5)
   MB[5] [Weight](Complex)(done) destPE=1 =>(0,5)
   MB[6] [Partial](Real)(needsM) destPE=-1 =>(0,0)
   MB[7] [Partial](Real)(needsM) destPE=-1 =>(0,0)

[DEBUG] PE1 BEGIN cycle=5 phase=MULT topCount=0 accum=(0,0)
   MB[0] [Weight](Real)(done) destPE=1 =>(3,0)
   MB[1] [Weight](Complex)(done) destPE=1 =>(0,5)
   MB[2] [Partial](Complex)(done) destPE=1 =>(0,6)
   MB[3] [Partial](Complex)(done) destPE=1 =>(0,6)
   MB[4] [Partial](Real)(needsM) destPE=1 =>(2,2)
   MB[5] [Partial](Real)(needsM) destPE=-1 =>(0,0)
   MB[6] [Partial](Real)(needsM) destPE=-1 =>(0,0)
   MB[7] [Partial](Real)(needsM) destPE=-1 =>(0,0)

[DEBUG] PE1 AFTER MULTIPLY cycle=5 phase=MULT topCount=0 accum=(0,0)
   MB[0] [Weight](Real)(done) destPE=1 =>(3,0)
   MB[1] [Weight](Complex)(done) destPE=1 =>(0,5)
   MB[2] [Partial](Complex)(done) destPE=1 =>(0,6)
   MB[3] [Partial](Complex)(done) destPE=1 =>(0,6)
   MB[4] [Partial](Real)(needsM) destPE=1 =>(2,2)
   MB[5] [Partial](Real)(needsM) destPE=-1 =>(0,0)
   MB[6] [Partial](Real)(needsM) destPE=-1 =>(0,0)
   MB[7] [Partial](Real)(needsM) destPE=-1 =>(0,0)

[DEBUG] PE1 AFTER INSERT PRODUCED cycle=5 phase=MULT topCount=0 accum=(0,0)
   MB[0] [Weight](Real)(done) destPE=1 =>(3,0)
   MB[1] [Weight](Complex)(done) destPE=1 =>(0,5)
   MB[2] [Partial](Complex)(done) destPE=1 =>(0,6)
   MB[3] [Partial](Complex)(done) destPE=1 =>(0,6)
   MB[4] [Partial](Real)(needsM) destPE=1 =>(2,2)
   MB[5] [Partial](Real)(needsM) destPE=-1 =>(0,0)
   MB[6] [Partial](Real)(needsM) destPE=-1 =>(0,0)
   MB[7] [Partial](Real)(needsM) destPE=-1 =>(0,0)

[DEBUG] PE1 END PHASE_MULT cycle=5 phase=MULT topCount=0 accum=(0,0)
   MB[0] [Weight](Real)(done) destPE=1 =>(3,0)
   MB[1] [Weight](Complex)(done) destPE=1 =>(0,5)
   MB[2] [Partial](Complex)(done) destPE=1 =>(0,6)
   MB[3] [Partial](Complex)(done) destPE=1 =>(0,6)
   MB[4] [Partial](Real)(needsM) destPE=1 =>(2,2)
   MB[5] [Partial](Real)(needsM) destPE=-1 =>(0,0)
   MB[6] [Partial](Real)(needsM) destPE=-1 =>(0,0)
   MB[7] [Partial](Real)(needsM) destPE=-1 =>(0,0)

[DEBUG] PE0 BEGIN cycle=6 phase=LOAD topCount=0 accum=(0,0)
   MB[0] [Weight](Real)(done) destPE=0 =>(2,0)
   MB[1] [Weight](Complex)(done) destPE=0 =>(0,4)
   MB[2] [Partial](Complex)(done) destPE=1 =>(0,6)
   MB[3] [Partial](Complex)(done) destPE=1 =>(0,6)
   MB[4] [Weight](Complex)(done) destPE=1 =>(0,5)
   MB[5] [Weight](Complex)(done) destPE=1 =>(0,5)
   MB[6] [Partial](Real)(needsM) destPE=-1 =>(0,0)
   MB[7] [Partial](Real)(needsM) destPE=-1 =>(0,0)

[DEBUG] PE0 AFTER INGEST cycle=6 phase=LOAD topCount=0 accum=(0,0)
   MB[0] [Weight](Real)(done) destPE=0 =>(2,0)
   MB[1] [Weight](Complex)(done) destPE=0 =>(0,4)
   MB[2] [Partial](Complex)(done) destPE=1 =>(0,6)
   MB[3] [Partial](Complex)(done) destPE=1 =>(0,6)
   MB[4] [Weight](Complex)(done) destPE=1 =>(0,5)
   MB[5] [Weight](Complex)(done) destPE=1 =>(0,5)
   MB[6] [Partial](Real)(needsM) destPE=-1 =>(0,0)
   MB[7] [Partial](Real)(needsM) destPE=-1 =>(0,0)

[DEBUG] PE0 AFTER IMMEDIATE LOAD WEIGHTS cycle=6 phase=LOAD topCount=0 accum=(0,0)
   MB[0] [Weight](Real)(done) destPE=0 =>(2,0)
   MB[1] [Weight](Complex)(done) destPE=0 =>(0,4)
   MB[2] [Partial](Complex)(done) destPE=1 =>(0,6)
   MB[3] [Partial](Complex)(done) destPE=1 =>(0,6)
   MB[4] [Weight](Complex)(done) destPE=1 =>(0,5)
   MB[5] [Weight](Complex)(done) destPE=1 =>(0,5)
   MB[6] [Partial](Real)(needsM) destPE=-1 =>(0,0)
   MB[7] [Partial](Real)(needsM) destPE=-1 =>(0,0)

[DEBUG] PE0 END PHASE_LOAD cycle=6 phase=LOAD topCount=0 accum=(0,0)
   MB[0] [Weight](Real)(done) destPE=0 =>(2,0)
   MB[1] [Weight](Complex)(done) destPE=0 =>(0,4)
   MB[2] [Partial](Complex)(done) destPE=1 =>(0,6)
   MB[3] [Partial](Complex)(done) destPE=1 =>(0,6)
   MB[4] [Weight](Complex)(done) destPE=1 =>(0,5)
   MB[5] [Weight](Complex)(done) destPE=1 =>(0,5)
   MB[6] [Partial](Real)(needsM) destPE=-1 =>(0,0)
   MB[7] [Partial](Real)(needsM) destPE=-1 =>(0,0)

[DEBUG] PE1 BEGIN cycle=6 phase=LOAD topCount=0 accum=(0,0)
   MB[0] [Weight](Real)(done) destPE=1 =>(3,0)
   MB[1] [Weight](Complex)(done) destPE=1 =>(0,5)
   MB[2] [Partial](Complex)(done) destPE=1 =>(0,6)
   MB[3] [Partial](Complex)(done) destPE=1 =>(0,6)
   MB[4] [Partial](Real)(needsM) destPE=1 =>(2,2)
   MB[5] [Partial](Real)(needsM) destPE=-1 =>(0,0)
   MB[6] [Partial](Real)(needsM) destPE=-1 =>(0,0)
   MB[7] [Partial](Real)(needsM) destPE=-1 =>(0,0)

[DEBUG] PE1 AFTER INGEST cycle=6 phase=LOAD topCount=0 accum=(0,0)
   MB[0] [Weight](Real)(done) destPE=1 =>(3,0)
   MB[1] [Weight](Complex)(done) destPE=1 =>(0,5)
   MB[2] [Partial](Complex)(done) destPE=1 =>(0,6)
   MB[3] [Partial](Complex)(done) destPE=1 =>(0,6)
   MB[4] [Partial](Real)(needsM) destPE=1 =>(2,2)
   MB[5] [Partial](Real)(needsM) destPE=-1 =>(0,0)
   MB[6] [Partial](Real)(needsM) destPE=-1 =>(0,0)
   MB[7] [Partial](Real)(needsM) destPE=-1 =>(0,0)

[DEBUG] PE1 AFTER IMMEDIATE LOAD WEIGHTS cycle=6 phase=LOAD topCount=0 accum=(0,0)
   MB[0] [Weight](Real)(done) destPE=1 =>(3,0)
   MB[1] [Weight](Complex)(done) destPE=1 =>(0,5)
   MB[2] [Partial](Complex)(done) destPE=1 =>(0,6)
   MB[3] [Partial](Complex)(done) destPE=1 =>(0,6)
   MB[4] [Partial](Real)(needsM) destPE=1 =>(2,2)
   MB[5] [Partial](Real)(needsM) destPE=-1 =>(0,0)
   MB[6] [Partial](Real)(needsM) destPE=-1 =>(0,0)
   MB[7] [Partial](Real)(needsM) destPE=-1 =>(0,0)

[DEBUG] PE1 END PHASE_LOAD cycle=6 phase=LOAD topCount=0 accum=(0,0)
   MB[0] [Weight](Real)(done) destPE=1 =>(3,0)
   MB[1] [Weight](Complex)(done) destPE=1 =>(0,5)
   MB[2] [Partial](Complex)(done) destPE=1 =>(0,6)
   MB[3] [Partial](Complex)(done) destPE=1 =>(0,6)
   MB[4] [Partial](Real)(needsM) destPE=1 =>(2,2)
   MB[5] [Partial](Real)(needsM) destPE=-1 =>(0,0)
   MB[6] [Partial](Real)(needsM) destPE=-1 =>(0,0)
   MB[7] [Partial](Real)(needsM) destPE=-1 =>(0,0)

[DEBUG] PE0 BEGIN cycle=7 phase=MULT topCount=0 accum=(0,0)
   MB[0] [Weight](Real)(done) destPE=0 =>(2,0)
   MB[1] [Weight](Complex)(done) destPE=0 =>(0,4)
   MB[2] [Partial](Complex)(done) destPE=1 =>(0,6)
   MB[3] [Partial](Complex)(done) destPE=1 =>(0,6)
   MB[4] [Weight](Complex)(done) destPE=1 =>(0,5)
   MB[5] [Weight](Complex)(done) destPE=1 =>(0,5)
   MB[6] [Partial](Real)(needsM) destPE=-1 =>(0,0)
   MB[7] [Partial](Real)(needsM) destPE=-1 =>(0,0)

[DEBUG] PE0 AFTER MULTIPLY cycle=7 phase=MULT topCount=0 accum=(0,0)
   MB[0] [Weight](Real)(done) destPE=0 =>(2,0)
   MB[1] [Weight](Complex)(done) destPE=0 =>(0,4)
   MB[2] [Partial](Complex)(done) destPE=1 =>(0,6)
   MB[3] [Partial](Complex)(done) destPE=1 =>(0,6)
   MB[4] [Weight](Complex)(done) destPE=1 =>(0,5)
   MB[5] [Weight](Complex)(done) destPE=1 =>(0,5)
   MB[6] [Partial](Real)(needsM) destPE=-1 =>(0,0)
   MB[7] [Partial](Real)(needsM) destPE=-1 =>(0,0)

[DEBUG] PE0 AFTER INSERT PRODUCED cycle=7 phase=MULT topCount=0 accum=(0,0)
   MB[0] [Weight](Real)(done) destPE=0 =>(2,0)
   MB[1] [Weight](Complex)(done) destPE=0 =>(0,4)
   MB[2] [Partial](Complex)(done) destPE=1 =>(0,6)
   MB[3] [Partial](Complex)(done) destPE=1 =>(0,6)
   MB[4] [Weight](Complex)(done) destPE=1 =>(0,5)
   MB[5] [Weight](Complex)(done) destPE=1 =>(0,5)
   MB[6] [Partial](Real)(needsM) destPE=-1 =>(0,0)
   MB[7] [Partial](Real)(needsM) destPE=-1 =>(0,0)

[DEBUG] PE0 END PHASE_MULT cycle=7 phase=MULT topCount=0 accum=(0,0)
   MB[0] [Weight](Real)(done) destPE=0 =>(2,0)
   MB[1] [Weight](Complex)(done) destPE=0 =>(0,4)
   MB[2] [Partial](Complex)(done) destPE=1 =>(0,6)
   MB[3] [Partial](Complex)(done) destPE=1 =>(0,6)
   MB[4] [Weight](Complex)(done) destPE=1 =>(0,5)
   MB[5] [Weight](Complex)(done) destPE=1 =>(0,5)
   MB[6] [Partial](Real)(needsM) destPE=-1 =>(0,0)
   MB[7] [Partial](Real)(needsM) destPE=-1 =>(0,0)

[DEBUG] PE1 BEGIN cycle=7 phase=MULT topCount=0 accum=(0,0)
   MB[0] [Weight](Real)(done) destPE=1 =>(3,0)
   MB[1] [Weight](Complex)(done) destPE=1 =>(0,5)
   MB[2] [Partial](Complex)(done) destPE=1 =>(0,6)
   MB[3] [Partial](Complex)(done) destPE=1 =>(0,6)
   MB[4] [Partial](Real)(needsM) destPE=1 =>(2,2)
   MB[5] [Partial](Real)(needsM) destPE=-1 =>(0,0)
   MB[6] [Partial](Real)(needsM) destPE=-1 =>(0,0)
   MB[7] [Partial](Real)(needsM) destPE=-1 =>(0,0)

[DEBUG] PE1 AFTER MULTIPLY cycle=7 phase=MULT topCount=0 accum=(0,0)
   MB[0] [Weight](Real)(done) destPE=1 =>(3,0)
   MB[1] [Weight](Complex)(done) destPE=1 =>(0,5)
   MB[2] [Partial](Complex)(done) destPE=1 =>(0,6)
   MB[3] [Partial](Complex)(done) destPE=1 =>(0,6)
   MB[4] [Partial](Real)(needsM) destPE=1 =>(2,2)
   MB[5] [Partial](Real)(needsM) destPE=-1 =>(0,0)
   MB[6] [Partial](Real)(needsM) destPE=-1 =>(0,0)
   MB[7] [Partial](Real)(needsM) destPE=-1 =>(0,0)

[DEBUG] PE1 AFTER INSERT PRODUCED cycle=7 phase=MULT topCount=0 accum=(0,0)
   MB[0] [Weight](Real)(done) destPE=1 =>(3,0)
   MB[1] [Weight](Complex)(done) destPE=1 =>(0,5)
   MB[2] [Partial](Complex)(done) destPE=1 =>(0,6)
   MB[3] [Partial](Complex)(done) destPE=1 =>(0,6)
   MB[4] [Partial](Real)(needsM) destPE=1 =>(2,2)
   MB[5] [Partial](Real)(needsM) destPE=-1 =>(0,0)
   MB[6] [Partial](Real)(needsM) destPE=-1 =>(0,0)
   MB[7] [Partial](Real)(needsM) destPE=-1 =>(0,0)

[DEBUG] PE1 END PHASE_MULT cycle=7 phase=MULT topCount=0 accum=(0,0)
   MB[0] [Weight](Real)(done) destPE=1 =>(3,0)
   MB[1] [Weight](Complex)(done) destPE=1 =>(0,5)
   MB[2] [Partial](Complex)(done) destPE=1 =>(0,6)
   MB[3] [Partial](Complex)(done) destPE=1 =>(0,6)
   MB[4] [Partial](Real)(needsM) destPE=1 =>(2,2)
   MB[5] [Partial](Real)(needsM) destPE=-1 =>(0,0)
   MB[6] [Partial](Real)(needsM) destPE=-1 =>(0,0)
   MB[7] [Partial](Real)(needsM) destPE=-1 =>(0,0)

[DEBUG] PE0 BEGIN cycle=8 phase=LOAD topCount=0 accum=(0,0)
   MB[0] [Weight](Real)(done) destPE=0 =>(2,0)
   MB[1] [Weight](Complex)(done) destPE=0 =>(0,4)
   MB[2] [Partial](Complex)(done) destPE=1 =>(0,6)
   MB[3] [Partial](Complex)(done) destPE=1 =>(0,6)
   MB[4] [Weight](Complex)(done) destPE=1 =>(0,5)
   MB[5] [Weight](Complex)(done) destPE=1 =>(0,5)
   MB[6] [Partial](Real)(needsM) destPE=-1 =>(0,0)
   MB[7] [Partial](Real)(needsM) destPE=-1 =>(0,0)

[DEBUG] PE0 AFTER INGEST cycle=8 phase=LOAD topCount=0 accum=(0,0)
   MB[0] [Weight](Real)(done) destPE=0 =>(2,0)
   MB[1] [Weight](Complex)(done) destPE=0 =>(0,4)
   MB[2] [Partial](Complex)(done) destPE=1 =>(0,6)
   MB[3] [Partial](Complex)(done) destPE=1 =>(0,6)
   MB[4] [Weight](Complex)(done) destPE=1 =>(0,5)
   MB[5] [Weight](Complex)(done) destPE=1 =>(0,5)
   MB[6] [Partial](Real)(needsM) destPE=-1 =>(0,0)
   MB[7] [Partial](Real)(needsM) destPE=-1 =>(0,0)

[DEBUG] PE0 AFTER IMMEDIATE LOAD WEIGHTS cycle=8 phase=LOAD topCount=0 accum=(0,0)
   MB[0] [Weight](Real)(done) destPE=0 =>(2,0)
   MB[1] [Weight](Complex)(done) destPE=0 =>(0,4)
   MB[2] [Partial](Complex)(done) destPE=1 =>(0,6)
   MB[3] [Partial](Complex)(done) destPE=1 =>(0,6)
   MB[4] [Weight](Complex)(done) destPE=1 =>(0,5)
   MB[5] [Weight](Complex)(done) destPE=1 =>(0,5)
   MB[6] [Partial](Real)(needsM) destPE=-1 =>(0,0)
   MB[7] [Partial](Real)(needsM) destPE=-1 =>(0,0)

[DEBUG] PE0 END PHASE_LOAD cycle=8 phase=LOAD topCount=0 accum=(0,0)
   MB[0] [Weight](Real)(done) destPE=0 =>(2,0)
   MB[1] [Weight](Complex)(done) destPE=0 =>(0,4)
   MB[2] [Partial](Complex)(done) destPE=1 =>(0,6)
   MB[3] [Partial](Complex)(done) destPE=1 =>(0,6)
   MB[4] [Weight](Complex)(done) destPE=1 =>(0,5)
   MB[5] [Weight](Complex)(done) destPE=1 =>(0,5)
   MB[6] [Partial](Real)(needsM) destPE=-1 =>(0,0)
   MB[7] [Partial](Real)(needsM) destPE=-1 =>(0,0)

[DEBUG] PE1 BEGIN cycle=8 phase=LOAD topCount=0 accum=(0,0)
   MB[0] [Weight](Real)(done) destPE=1 =>(3,0)
   MB[1] [Weight](Complex)(done) destPE=1 =>(0,5)
   MB[2] [Partial](Complex)(done) destPE=1 =>(0,6)
   MB[3] [Partial](Complex)(done) destPE=1 =>(0,6)
   MB[4] [Partial](Real)(needsM) destPE=1 =>(2,2)
   MB[5] [Partial](Real)(needsM) destPE=-1 =>(0,0)
   MB[6] [Partial](Real)(needsM) destPE=-1 =>(0,0)
   MB[7] [Partial](Real)(needsM) destPE=-1 =>(0,0)

[DEBUG] PE1 AFTER INGEST cycle=8 phase=LOAD topCount=0 accum=(0,0)
   MB[0] [Weight](Real)(done) destPE=1 =>(3,0)
   MB[1] [Weight](Complex)(done) destPE=1 =>(0,5)
   MB[2] [Partial](Complex)(done) destPE=1 =>(0,6)
   MB[3] [Partial](Complex)(done) destPE=1 =>(0,6)
   MB[4] [Partial](Real)(needsM) destPE=1 =>(2,2)
   MB[5] [Partial](Real)(needsM) destPE=-1 =>(0,0)
   MB[6] [Partial](Real)(needsM) destPE=-1 =>(0,0)
   MB[7] [Partial](Real)(needsM) destPE=-1 =>(0,0)

[DEBUG] PE1 AFTER IMMEDIATE LOAD WEIGHTS cycle=8 phase=LOAD topCount=0 accum=(0,0)
   MB[0] [Weight](Real)(done) destPE=1 =>(3,0)
   MB[1] [Weight](Complex)(done) destPE=1 =>(0,5)
   MB[2] [Partial](Complex)(done) destPE=1 =>(0,6)
   MB[3] [Partial](Complex)(done) destPE=1 =>(0,6)
   MB[4] [Partial](Real)(needsM) destPE=1 =>(2,2)
   MB[5] [Partial](Real)(needsM) destPE=-1 =>(0,0)
   MB[6] [Partial](Real)(needsM) destPE=-1 =>(0,0)
   MB[7] [Partial](Real)(needsM) destPE=-1 =>(0,0)

[DEBUG] PE1 END PHASE_LOAD cycle=8 phase=LOAD topCount=0 accum=(0,0)
   MB[0] [Weight](Real)(done) destPE=1 =>(3,0)
   MB[1] [Weight](Complex)(done) destPE=1 =>(0,5)
   MB[2] [Partial](Complex)(done) destPE=1 =>(0,6)
   MB[3] [Partial](Complex)(done) destPE=1 =>(0,6)
   MB[4] [Partial](Real)(needsM) destPE=1 =>(2,2)
   MB[5] [Partial](Real)(needsM) destPE=-1 =>(0,0)
   MB[6] [Partial](Real)(needsM) destPE=-1 =>(0,0)
   MB[7] [Partial](Real)(needsM) destPE=-1 =>(0,0)

[DEBUG] PE0 BEGIN cycle=9 phase=MULT topCount=0 accum=(0,0)
   MB[0] [Weight](Real)(done) destPE=0 =>(2,0)
   MB[1] [Weight](Complex)(done) destPE=0 =>(0,4)
   MB[2] [Partial](Complex)(done) destPE=1 =>(0,6)
   MB[3] [Partial](Complex)(done) destPE=1 =>(0,6)
   MB[4] [Weight](Complex)(done) destPE=1 =>(0,5)
   MB[5] [Weight](Complex)(done) destPE=1 =>(0,5)
   MB[6] [Partial](Real)(needsM) destPE=-1 =>(0,0)
   MB[7] [Partial](Real)(needsM) destPE=-1 =>(0,0)

[DEBUG] PE0 AFTER MULTIPLY cycle=9 phase=MULT topCount=0 accum=(0,0)
   MB[0] [Weight](Real)(done) destPE=0 =>(2,0)
   MB[1] [Weight](Complex)(done) destPE=0 =>(0,4)
   MB[2] [Partial](Complex)(done) destPE=1 =>(0,6)
   MB[3] [Partial](Complex)(done) destPE=1 =>(0,6)
   MB[4] [Weight](Complex)(done) destPE=1 =>(0,5)
   MB[5] [Weight](Complex)(done) destPE=1 =>(0,5)
   MB[6] [Partial](Real)(needsM) destPE=-1 =>(0,0)
   MB[7] [Partial](Real)(needsM) destPE=-1 =>(0,0)

[DEBUG] PE0 AFTER INSERT PRODUCED cycle=9 phase=MULT topCount=0 accum=(0,0)
   MB[0] [Weight](Real)(done) destPE=0 =>(2,0)
   MB[1] [Weight](Complex)(done) destPE=0 =>(0,4)
   MB[2] [Partial](Complex)(done) destPE=1 =>(0,6)
   MB[3] [Partial](Complex)(done) destPE=1 =>(0,6)
   MB[4] [Weight](Complex)(done) destPE=1 =>(0,5)
   MB[5] [Weight](Complex)(done) destPE=1 =>(0,5)
   MB[6] [Partial](Real)(needsM) destPE=-1 =>(0,0)
   MB[7] [Partial](Real)(needsM) destPE=-1 =>(0,0)

[DEBUG] PE0 END PHASE_MULT cycle=9 phase=MULT topCount=0 accum=(0,0)
   MB[0] [Weight](Real)(done) destPE=0 =>(2,0)
   MB[1] [Weight](Complex)(done) destPE=0 =>(0,4)
   MB[2] [Partial](Complex)(done) destPE=1 =>(0,6)
   MB[3] [Partial](Complex)(done) destPE=1 =>(0,6)
   MB[4] [Weight](Complex)(done) destPE=1 =>(0,5)
   MB[5] [Weight](Complex)(done) destPE=1 =>(0,5)
   MB[6] [Partial](Real)(needsM) destPE=-1 =>(0,0)
   MB[7] [Partial](Real)(needsM) destPE=-1 =>(0,0)

[DEBUG] PE1 BEGIN cycle=9 phase=MULT topCount=0 accum=(0,0)
   MB[0] [Weight](Real)(done) destPE=1 =>(3,0)
   MB[1] [Weight](Complex)(done) destPE=1 =>(0,5)
   MB[2] [Partial](Complex)(done) destPE=1 =>(0,6)
   MB[3] [Partial](Complex)(done) destPE=1 =>(0,6)
   MB[4] [Partial](Real)(needsM) destPE=1 =>(2,2)
   MB[5] [Partial](Real)(needsM) destPE=-1 =>(0,0)
   MB[6] [Partial](Real)(needsM) destPE=-1 =>(0,0)
   MB[7] [Partial](Real)(needsM) destPE=-1 =>(0,0)

[DEBUG] PE1 AFTER MULTIPLY cycle=9 phase=MULT topCount=0 accum=(0,0)
   MB[0] [Weight](Real)(done) destPE=1 =>(3,0)
   MB[1] [Weight](Complex)(done) destPE=1 =>(0,5)
   MB[2] [Partial](Complex)(done) destPE=1 =>(0,6)
   MB[3] [Partial](Complex)(done) destPE=1 =>(0,6)
   MB[4] [Partial](Real)(needsM) destPE=1 =>(2,2)
   MB[5] [Partial](Real)(needsM) destPE=-1 =>(0,0)
   MB[6] [Partial](Real)(needsM) destPE=-1 =>(0,0)
   MB[7] [Partial](Real)(needsM) destPE=-1 =>(0,0)

[DEBUG] PE1 AFTER INSERT PRODUCED cycle=9 phase=MULT topCount=0 accum=(0,0)
   MB[0] [Weight](Real)(done) destPE=1 =>(3,0)
   MB[1] [Weight](Complex)(done) destPE=1 =>(0,5)
   MB[2] [Partial](Complex)(done) destPE=1 =>(0,6)
   MB[3] [Partial](Complex)(done) destPE=1 =>(0,6)
   MB[4] [Partial](Real)(needsM) destPE=1 =>(2,2)
   MB[5] [Partial](Real)(needsM) destPE=-1 =>(0,0)
   MB[6] [Partial](Real)(needsM) destPE=-1 =>(0,0)
   MB[7] [Partial](Real)(needsM) destPE=-1 =>(0,0)

[DEBUG] PE1 END PHASE_MULT cycle=9 phase=MULT topCount=0 accum=(0,0)
   MB[0] [Weight](Real)(done) destPE=1 =>(3,0)
   MB[1] [Weight](Complex)(done) destPE=1 =>(0,5)
   MB[2] [Partial](Complex)(done) destPE=1 =>(0,6)
   MB[3] [Partial](Complex)(done) destPE=1 =>(0,6)
   MB[4] [Partial](Real)(needsM) destPE=1 =>(2,2)
   MB[5] [Partial](Real)(needsM) destPE=-1 =>(0,0)
   MB[6] [Partial](Real)(needsM) destPE=-1 =>(0,0)
   MB[7] [Partial](Real)(needsM) destPE=-1 =>(0,0)

[DEBUG] PE0 BEGIN cycle=10 phase=LOAD topCount=0 accum=(0,0)
   MB[0] [Weight](Real)(done) destPE=0 =>(2,0)
   MB[1] [Weight](Complex)(done) destPE=0 =>(0,4)
   MB[2] [Partial](Complex)(done) destPE=1 =>(0,6)
   MB[3] [Partial](Complex)(done) destPE=1 =>(0,6)
   MB[4] [Weight](Complex)(done) destPE=1 =>(0,5)
   MB[5] [Weight](Complex)(done) destPE=1 =>(0,5)
   MB[6] [Partial](Real)(needsM) destPE=-1 =>(0,0)
   MB[7] [Partial](Real)(needsM) destPE=-1 =>(0,0)

[DEBUG] PE0 AFTER INGEST cycle=10 phase=LOAD topCount=0 accum=(0,0)
   MB[0] [Weight](Real)(done) destPE=0 =>(2,0)
   MB[1] [Weight](Complex)(done) destPE=0 =>(0,4)
   MB[2] [Partial](Complex)(done) destPE=1 =>(0,6)
   MB[3] [Partial](Complex)(done) destPE=1 =>(0,6)
   MB[4] [Weight](Complex)(done) destPE=1 =>(0,5)
   MB[5] [Weight](Complex)(done) destPE=1 =>(0,5)
   MB[6] [Partial](Real)(needsM) destPE=-1 =>(0,0)
   MB[7] [Partial](Real)(needsM) destPE=-1 =>(0,0)

[DEBUG] PE0 AFTER IMMEDIATE LOAD WEIGHTS cycle=10 phase=LOAD topCount=0 accum=(0,0)
   MB[0] [Weight](Real)(done) destPE=0 =>(2,0)
   MB[1] [Weight](Complex)(done) destPE=0 =>(0,4)
   MB[2] [Partial](Complex)(done) destPE=1 =>(0,6)
   MB[3] [Partial](Complex)(done) destPE=1 =>(0,6)
   MB[4] [Weight](Complex)(done) destPE=1 =>(0,5)
   MB[5] [Weight](Complex)(done) destPE=1 =>(0,5)
   MB[6] [Partial](Real)(needsM) destPE=-1 =>(0,0)
   MB[7] [Partial](Real)(needsM) destPE=-1 =>(0,0)

[DEBUG] PE0 END PHASE_LOAD cycle=10 phase=LOAD topCount=0 accum=(0,0)
   MB[0] [Weight](Real)(done) destPE=0 =>(2,0)
   MB[1] [Weight](Complex)(done) destPE=0 =>(0,4)
   MB[2] [Partial](Complex)(done) destPE=1 =>(0,6)
   MB[3] [Partial](Complex)(done) destPE=1 =>(0,6)
   MB[4] [Weight](Complex)(done) destPE=1 =>(0,5)
   MB[5] [Weight](Complex)(done) destPE=1 =>(0,5)
   MB[6] [Partial](Real)(needsM) destPE=-1 =>(0,0)
   MB[7] [Partial](Real)(needsM) destPE=-1 =>(0,0)

[DEBUG] PE1 BEGIN cycle=10 phase=LOAD topCount=0 accum=(0,0)
   MB[0] [Weight](Real)(done) destPE=1 =>(3,0)
   MB[1] [Weight](Complex)(done) destPE=1 =>(0,5)
   MB[2] [Partial](Complex)(done) destPE=1 =>(0,6)
   MB[3] [Partial](Complex)(done) destPE=1 =>(0,6)
   MB[4] [Partial](Real)(needsM) destPE=1 =>(2,2)
   MB[5] [Partial](Real)(needsM) destPE=-1 =>(0,0)
   MB[6] [Partial](Real)(needsM) destPE=-1 =>(0,0)
   MB[7] [Partial](Real)(needsM) destPE=-1 =>(0,0)

[DEBUG] PE1 AFTER INGEST cycle=10 phase=LOAD topCount=0 accum=(0,0)
   MB[0] [Weight](Real)(done) destPE=1 =>(3,0)
   MB[1] [Weight](Complex)(done) destPE=1 =>(0,5)
   MB[2] [Partial](Complex)(done) destPE=1 =>(0,6)
   MB[3] [Partial](Complex)(done) destPE=1 =>(0,6)
   MB[4] [Partial](Real)(needsM) destPE=1 =>(2,2)
   MB[5] [Partial](Real)(needsM) destPE=-1 =>(0,0)
   MB[6] [Partial](Real)(needsM) destPE=-1 =>(0,0)
   MB[7] [Partial](Real)(needsM) destPE=-1 =>(0,0)

[DEBUG] PE1 AFTER IMMEDIATE LOAD WEIGHTS cycle=10 phase=LOAD topCount=0 accum=(0,0)
   MB[0] [Weight](Real)(done) destPE=1 =>(3,0)
   MB[1] [Weight](Complex)(done) destPE=1 =>(0,5)
   MB[2] [Partial](Complex)(done) destPE=1 =>(0,6)
   MB[3] [Partial](Complex)(done) destPE=1 =>(0,6)
   MB[4] [Partial](Real)(needsM) destPE=1 =>(2,2)
   MB[5] [Partial](Real)(needsM) destPE=-1 =>(0,0)
   MB[6] [Partial](Real)(needsM) destPE=-1 =>(0,0)
   MB[7] [Partial](Real)(needsM) destPE=-1 =>(0,0)

[DEBUG] PE1 END PHASE_LOAD cycle=10 phase=LOAD topCount=0 accum=(0,0)
   MB[0] [Weight](Real)(done) destPE=1 =>(3,0)
   MB[1] [Weight](Complex)(done) destPE=1 =>(0,5)
   MB[2] [Partial](Complex)(done) destPE=1 =>(0,6)
   MB[3] [Partial](Complex)(done) destPE=1 =>(0,6)
   MB[4] [Partial](Real)(needsM) destPE=1 =>(2,2)
   MB[5] [Partial](Real)(needsM) destPE=-1 =>(0,0)
   MB[6] [Partial](Real)(needsM) destPE=-1 =>(0,0)
   MB[7] [Partial](Real)(needsM) destPE=-1 =>(0,0)

[DEBUG] PE0 BEGIN cycle=11 phase=MULT topCount=0 accum=(0,0)
   MB[0] [Weight](Real)(done) destPE=0 =>(2,0)
   MB[1] [Weight](Complex)(done) destPE=0 =>(0,4)
   MB[2] [Partial](Complex)(done) destPE=1 =>(0,6)
   MB[3] [Partial](Complex)(done) destPE=1 =>(0,6)
   MB[4] [Weight](Complex)(done) destPE=1 =>(0,5)
   MB[5] [Weight](Complex)(done) destPE=1 =>(0,5)
   MB[6] [Partial](Real)(needsM) destPE=-1 =>(0,0)
   MB[7] [Partial](Real)(needsM) destPE=-1 =>(0,0)

[DEBUG] PE0 AFTER MULTIPLY cycle=11 phase=MULT topCount=0 accum=(0,0)
   MB[0] [Weight](Real)(done) destPE=0 =>(2,0)
   MB[1] [Weight](Complex)(done) destPE=0 =>(0,4)
   MB[2] [Partial](Complex)(done) destPE=1 =>(0,6)
   MB[3] [Partial](Complex)(done) destPE=1 =>(0,6)
   MB[4] [Weight](Complex)(done) destPE=1 =>(0,5)
   MB[5] [Weight](Complex)(done) destPE=1 =>(0,5)
   MB[6] [Partial](Real)(needsM) destPE=-1 =>(0,0)
   MB[7] [Partial](Real)(needsM) destPE=-1 =>(0,0)

[DEBUG] PE0 AFTER INSERT PRODUCED cycle=11 phase=MULT topCount=0 accum=(0,0)
   MB[0] [Weight](Real)(done) destPE=0 =>(2,0)
   MB[1] [Weight](Complex)(done) destPE=0 =>(0,4)
   MB[2] [Partial](Complex)(done) destPE=1 =>(0,6)
   MB[3] [Partial](Complex)(done) destPE=1 =>(0,6)
   MB[4] [Weight](Complex)(done) destPE=1 =>(0,5)
   MB[5] [Weight](Complex)(done) destPE=1 =>(0,5)
   MB[6] [Partial](Real)(needsM) destPE=-1 =>(0,0)
   MB[7] [Partial](Real)(needsM) destPE=-1 =>(0,0)

[DEBUG] PE0 END PHASE_MULT cycle=11 phase=MULT topCount=0 accum=(0,0)
   MB[0] [Weight](Real)(done) destPE=0 =>(2,0)
   MB[1] [Weight](Complex)(done) destPE=0 =>(0,4)
   MB[2] [Partial](Complex)(done) destPE=1 =>(0,6)
   MB[3] [Partial](Complex)(done) destPE=1 =>(0,6)
   MB[4] [Weight](Complex)(done) destPE=1 =>(0,5)
   MB[5] [Weight](Complex)(done) destPE=1 =>(0,5)
   MB[6] [Partial](Real)(needsM) destPE=-1 =>(0,0)
   MB[7] [Partial](Real)(needsM) destPE=-1 =>(0,0)

[DEBUG] PE1 BEGIN cycle=11 phase=MULT topCount=0 accum=(0,0)
   MB[0] [Weight](Real)(done) destPE=1 =>(3,0)
   MB[1] [Weight](Complex)(done) destPE=1 =>(0,5)
   MB[2] [Partial](Complex)(done) destPE=1 =>(0,6)
   MB[3] [Partial](Complex)(done) destPE=1 =>(0,6)
   MB[4] [Partial](Real)(needsM) destPE=1 =>(2,2)
   MB[5] [Partial](Real)(needsM) destPE=-1 =>(0,0)
   MB[6] [Partial](Real)(needsM) destPE=-1 =>(0,0)
   MB[7] [Partial](Real)(needsM) destPE=-1 =>(0,0)

[DEBUG] PE1 AFTER MULTIPLY cycle=11 phase=MULT topCount=0 accum=(0,0)
   MB[0] [Weight](Real)(done) destPE=1 =>(3,0)
   MB[1] [Weight](Complex)(done) destPE=1 =>(0,5)
   MB[2] [Partial](Complex)(done) destPE=1 =>(0,6)
   MB[3] [Partial](Complex)(done) destPE=1 =>(0,6)
   MB[4] [Partial](Real)(needsM) destPE=1 =>(2,2)
   MB[5] [Partial](Real)(needsM) destPE=-1 =>(0,0)
   MB[6] [Partial](Real)(needsM) destPE=-1 =>(0,0)
   MB[7] [Partial](Real)(needsM) destPE=-1 =>(0,0)

[DEBUG] PE1 AFTER INSERT PRODUCED cycle=11 phase=MULT topCount=0 accum=(0,0)
   MB[0] [Weight](Real)(done) destPE=1 =>(3,0)
   MB[1] [Weight](Complex)(done) destPE=1 =>(0,5)
   MB[2] [Partial](Complex)(done) destPE=1 =>(0,6)
   MB[3] [Partial](Complex)(done) destPE=1 =>(0,6)
   MB[4] [Partial](Real)(needsM) destPE=1 =>(2,2)
   MB[5] [Partial](Real)(needsM) destPE=-1 =>(0,0)
   MB[6] [Partial](Real)(needsM) destPE=-1 =>(0,0)
   MB[7] [Partial](Real)(needsM) destPE=-1 =>(0,0)

[DEBUG] PE1 END PHASE_MULT cycle=11 phase=MULT topCount=0 accum=(0,0)
   MB[0] [Weight](Real)(done) destPE=1 =>(3,0)
   MB[1] [Weight](Complex)(done) destPE=1 =>(0,5)
   MB[2] [Partial](Complex)(done) destPE=1 =>(0,6)
   MB[3] [Partial](Complex)(done) destPE=1 =>(0,6)
   MB[4] [Partial](Real)(needsM) destPE=1 =>(2,2)
   MB[5] [Partial](Real)(needsM) destPE=-1 =>(0,0)
   MB[6] [Partial](Real)(needsM) destPE=-1 =>(0,0)
   MB[7] [Partial](Real)(needsM) destPE=-1 =>(0,0)

[DEBUG] PE0 BEGIN cycle=12 phase=LOAD topCount=0 accum=(0,0)
   MB[0] [Weight](Real)(done) destPE=0 =>(2,0)
   MB[1] [Weight](Complex)(done) destPE=0 =>(0,4)
   MB[2] [Partial](Complex)(done) destPE=1 =>(0,6)
   MB[3] [Partial](Complex)(done) destPE=1 =>(0,6)
   MB[4] [Weight](Complex)(done) destPE=1 =>(0,5)
   MB[5] [Weight](Complex)(done) destPE=1 =>(0,5)
   MB[6] [Partial](Real)(needsM) destPE=-1 =>(0,0)
   MB[7] [Partial](Real)(needsM) destPE=-1 =>(0,0)

[DEBUG] PE0 AFTER INGEST cycle=12 phase=LOAD topCount=0 accum=(0,0)
   MB[0] [Weight](Real)(done) destPE=0 =>(2,0)
   MB[1] [Weight](Complex)(done) destPE=0 =>(0,4)
   MB[2] [Partial](Complex)(done) destPE=1 =>(0,6)
   MB[3] [Partial](Complex)(done) destPE=1 =>(0,6)
   MB[4] [Weight](Complex)(done) destPE=1 =>(0,5)
   MB[5] [Weight](Complex)(done) destPE=1 =>(0,5)
   MB[6] [Partial](Real)(needsM) destPE=-1 =>(0,0)
   MB[7] [Partial](Real)(needsM) destPE=-1 =>(0,0)

[DEBUG] PE0 AFTER IMMEDIATE LOAD WEIGHTS cycle=12 phase=LOAD topCount=0 accum=(0,0)
   MB[0] [Weight](Real)(done) destPE=0 =>(2,0)
   MB[1] [Weight](Complex)(done) destPE=0 =>(0,4)
   MB[2] [Partial](Complex)(done) destPE=1 =>(0,6)
   MB[3] [Partial](Complex)(done) destPE=1 =>(0,6)
   MB[4] [Weight](Complex)(done) destPE=1 =>(0,5)
   MB[5] [Weight](Complex)(done) destPE=1 =>(0,5)
   MB[6] [Partial](Real)(needsM) destPE=-1 =>(0,0)
   MB[7] [Partial](Real)(needsM) destPE=-1 =>(0,0)

[DEBUG] PE0 END PHASE_LOAD cycle=12 phase=LOAD topCount=0 accum=(0,0)
   MB[0] [Weight](Real)(done) destPE=0 =>(2,0)
   MB[1] [Weight](Complex)(done) destPE=0 =>(0,4)
   MB[2] [Partial](Complex)(done) destPE=1 =>(0,6)
   MB[3] [Partial](Complex)(done) destPE=1 =>(0,6)
   MB[4] [Weight](Complex)(done) destPE=1 =>(0,5)
   MB[5] [Weight](Complex)(done) destPE=1 =>(0,5)
   MB[6] [Partial](Real)(needsM) destPE=-1 =>(0,0)
   MB[7] [Partial](Real)(needsM) destPE=-1 =>(0,0)

[DEBUG] PE1 BEGIN cycle=12 phase=LOAD topCount=0 accum=(0,0)
   MB[0] [Weight](Real)(done) destPE=1 =>(3,0)
   MB[1] [Weight](Complex)(done) destPE=1 =>(0,5)
   MB[2] [Partial](Complex)(done) destPE=1 =>(0,6)
   MB[3] [Partial](Complex)(done) destPE=1 =>(0,6)
   MB[4] [Partial](Real)(needsM) destPE=1 =>(2,2)
   MB[5] [Partial](Real)(needsM) destPE=-1 =>(0,0)
   MB[6] [Partial](Real)(needsM) destPE=-1 =>(0,0)
   MB[7] [Partial](Real)(needsM) destPE=-1 =>(0,0)

[DEBUG] PE1 AFTER INGEST cycle=12 phase=LOAD topCount=0 accum=(0,0)
   MB[0] [Weight](Real)(done) destPE=1 =>(3,0)
   MB[1] [Weight](Complex)(done) destPE=1 =>(0,5)
   MB[2] [Partial](Complex)(done) destPE=1 =>(0,6)
   MB[3] [Partial](Complex)(done) destPE=1 =>(0,6)
   MB[4] [Partial](Real)(needsM) destPE=1 =>(2,2)
   MB[5] [Partial](Real)(needsM) destPE=-1 =>(0,0)
   MB[6] [Partial](Real)(needsM) destPE=-1 =>(0,0)
   MB[7] [Partial](Real)(needsM) destPE=-1 =>(0,0)

[DEBUG] PE1 AFTER IMMEDIATE LOAD WEIGHTS cycle=12 phase=LOAD topCount=0 accum=(0,0)
   MB[0] [Weight](Real)(done) destPE=1 =>(3,0)
   MB[1] [Weight](Complex)(done) destPE=1 =>(0,5)
   MB[2] [Partial](Complex)(done) destPE=1 =>(0,6)
   MB[3] [Partial](Complex)(done) destPE=1 =>(0,6)
   MB[4] [Partial](Real)(needsM) destPE=1 =>(2,2)
   MB[5] [Partial](Real)(needsM) destPE=-1 =>(0,0)
   MB[6] [Partial](Real)(needsM) destPE=-1 =>(0,0)
   MB[7] [Partial](Real)(needsM) destPE=-1 =>(0,0)

[DEBUG] PE1 END PHASE_LOAD cycle=12 phase=LOAD topCount=0 accum=(0,0)
   MB[0] [Weight](Real)(done) destPE=1 =>(3,0)
   MB[1] [Weight](Complex)(done) destPE=1 =>(0,5)
   MB[2] [Partial](Complex)(done) destPE=1 =>(0,6)
   MB[3] [Partial](Complex)(done) destPE=1 =>(0,6)
   MB[4] [Partial](Real)(needsM) destPE=1 =>(2,2)
   MB[5] [Partial](Real)(needsM) destPE=-1 =>(0,0)
   MB[6] [Partial](Real)(needsM) destPE=-1 =>(0,0)
   MB[7] [Partial](Real)(needsM) destPE=-1 =>(0,0)

[DEBUG] PE0 BEGIN cycle=13 phase=MULT topCount=0 accum=(0,0)
   MB[0] [Weight](Real)(done) destPE=0 =>(2,0)
   MB[1] [Weight](Complex)(done) destPE=0 =>(0,4)
   MB[2] [Partial](Complex)(done) destPE=1 =>(0,6)
   MB[3] [Partial](Complex)(done) destPE=1 =>(0,6)
   MB[4] [Weight](Complex)(done) destPE=1 =>(0,5)
   MB[5] [Weight](Complex)(done) destPE=1 =>(0,5)
   MB[6] [Partial](Real)(needsM) destPE=-1 =>(0,0)
   MB[7] [Partial](Real)(needsM) destPE=-1 =>(0,0)

[DEBUG] PE0 AFTER MULTIPLY cycle=13 phase=MULT topCount=0 accum=(0,0)
   MB[0] [Weight](Real)(done) destPE=0 =>(2,0)
   MB[1] [Weight](Complex)(done) destPE=0 =>(0,4)
   MB[2] [Partial](Complex)(done) destPE=1 =>(0,6)
   MB[3] [Partial](Complex)(done) destPE=1 =>(0,6)
   MB[4] [Weight](Complex)(done) destPE=1 =>(0,5)
   MB[5] [Weight](Complex)(done) destPE=1 =>(0,5)
   MB[6] [Partial](Real)(needsM) destPE=-1 =>(0,0)
   MB[7] [Partial](Real)(needsM) destPE=-1 =>(0,0)

[DEBUG] PE0 AFTER INSERT PRODUCED cycle=13 phase=MULT topCount=0 accum=(0,0)
   MB[0] [Weight](Real)(done) destPE=0 =>(2,0)
   MB[1] [Weight](Complex)(done) destPE=0 =>(0,4)
   MB[2] [Partial](Complex)(done) destPE=1 =>(0,6)
   MB[3] [Partial](Complex)(done) destPE=1 =>(0,6)
   MB[4] [Weight](Complex)(done) destPE=1 =>(0,5)
   MB[5] [Weight](Complex)(done) destPE=1 =>(0,5)
   MB[6] [Partial](Real)(needsM) destPE=-1 =>(0,0)
   MB[7] [Partial](Real)(needsM) destPE=-1 =>(0,0)

[DEBUG] PE0 END PHASE_MULT cycle=13 phase=MULT topCount=0 accum=(0,0)
   MB[0] [Weight](Real)(done) destPE=0 =>(2,0)
   MB[1] [Weight](Complex)(done) destPE=0 =>(0,4)
   MB[2] [Partial](Complex)(done) destPE=1 =>(0,6)
   MB[3] [Partial](Complex)(done) destPE=1 =>(0,6)
   MB[4] [Weight](Complex)(done) destPE=1 =>(0,5)
   MB[5] [Weight](Complex)(done) destPE=1 =>(0,5)
   MB[6] [Partial](Real)(needsM) destPE=-1 =>(0,0)
   MB[7] [Partial](Real)(needsM) destPE=-1 =>(0,0)

[DEBUG] PE1 BEGIN cycle=13 phase=MULT topCount=0 accum=(0,0)
   MB[0] [Weight](Real)(done) destPE=1 =>(3,0)
   MB[1] [Weight](Complex)(done) destPE=1 =>(0,5)
   MB[2] [Partial](Complex)(done) destPE=1 =>(0,6)
   MB[3] [Partial](Complex)(done) destPE=1 =>(0,6)
   MB[4] [Partial](Real)(needsM) destPE=1 =>(2,2)
   MB[5] [Partial](Real)(needsM) destPE=-1 =>(0,0)
   MB[6] [Partial](Real)(needsM) destPE=-1 =>(0,0)
   MB[7] [Partial](Real)(needsM) destPE=-1 =>(0,0)

[DEBUG] PE1 AFTER MULTIPLY cycle=13 phase=MULT topCount=0 accum=(0,0)
   MB[0] [Weight](Real)(done) destPE=1 =>(3,0)
   MB[1] [Weight](Complex)(done) destPE=1 =>(0,5)
   MB[2] [Partial](Complex)(done) destPE=1 =>(0,6)
   MB[3] [Partial](Complex)(done) destPE=1 =>(0,6)
   MB[4] [Partial](Real)(needsM) destPE=1 =>(2,2)
   MB[5] [Partial](Real)(needsM) destPE=-1 =>(0,0)
   MB[6] [Partial](Real)(needsM) destPE=-1 =>(0,0)
   MB[7] [Partial](Real)(needsM) destPE=-1 =>(0,0)

[DEBUG] PE1 AFTER INSERT PRODUCED cycle=13 phase=MULT topCount=0 accum=(0,0)
   MB[0] [Weight](Real)(done) destPE=1 =>(3,0)
   MB[1] [Weight](Complex)(done) destPE=1 =>(0,5)
   MB[2] [Partial](Complex)(done) destPE=1 =>(0,6)
   MB[3] [Partial](Complex)(done) destPE=1 =>(0,6)
   MB[4] [Partial](Real)(needsM) destPE=1 =>(2,2)
   MB[5] [Partial](Real)(needsM) destPE=-1 =>(0,0)
   MB[6] [Partial](Real)(needsM) destPE=-1 =>(0,0)
   MB[7] [Partial](Real)(needsM) destPE=-1 =>(0,0)

[DEBUG] PE1 END PHASE_MULT cycle=13 phase=MULT topCount=0 accum=(0,0)
   MB[0] [Weight](Real)(done) destPE=1 =>(3,0)
   MB[1] [Weight](Complex)(done) destPE=1 =>(0,5)
   MB[2] [Partial](Complex)(done) destPE=1 =>(0,6)
   MB[3] [Partial](Complex)(done) destPE=1 =>(0,6)
   MB[4] [Partial](Real)(needsM) destPE=1 =>(2,2)
   MB[5] [Partial](Real)(needsM) destPE=-1 =>(0,0)
   MB[6] [Partial](Real)(needsM) destPE=-1 =>(0,0)
   MB[7] [Partial](Real)(needsM) destPE=-1 =>(0,0)

[DEBUG] PE0 BEGIN cycle=14 phase=LOAD topCount=0 accum=(0,0)
   MB[0] [Weight](Real)(done) destPE=0 =>(2,0)
   MB[1] [Weight](Complex)(done) destPE=0 =>(0,4)
   MB[2] [Partial](Complex)(done) destPE=1 =>(0,6)
   MB[3] [Partial](Complex)(done) destPE=1 =>(0,6)
   MB[4] [Weight](Complex)(done) destPE=1 =>(0,5)
   MB[5] [Weight](Complex)(done) destPE=1 =>(0,5)
   MB[6] [Partial](Real)(needsM) destPE=-1 =>(0,0)
   MB[7] [Partial](Real)(needsM) destPE=-1 =>(0,0)

[DEBUG] PE0 AFTER INGEST cycle=14 phase=LOAD topCount=0 accum=(0,0)
   MB[0] [Weight](Real)(done) destPE=0 =>(2,0)
   MB[1] [Weight](Complex)(done) destPE=0 =>(0,4)
   MB[2] [Partial](Complex)(done) destPE=1 =>(0,6)
   MB[3] [Partial](Complex)(done) destPE=1 =>(0,6)
   MB[4] [Weight](Complex)(done) destPE=1 =>(0,5)
   MB[5] [Weight](Complex)(done) destPE=1 =>(0,5)
   MB[6] [Partial](Real)(needsM) destPE=-1 =>(0,0)
   MB[7] [Partial](Real)(needsM) destPE=-1 =>(0,0)

[DEBUG] PE0 AFTER IMMEDIATE LOAD WEIGHTS cycle=14 phase=LOAD topCount=0 accum=(0,0)
   MB[0] [Weight](Real)(done) destPE=0 =>(2,0)
   MB[1] [Weight](Complex)(done) destPE=0 =>(0,4)
   MB[2] [Partial](Complex)(done) destPE=1 =>(0,6)
   MB[3] [Partial](Complex)(done) destPE=1 =>(0,6)
   MB[4] [Weight](Complex)(done) destPE=1 =>(0,5)
   MB[5] [Weight](Complex)(done) destPE=1 =>(0,5)
   MB[6] [Partial](Real)(needsM) destPE=-1 =>(0,0)
   MB[7] [Partial](Real)(needsM) destPE=-1 =>(0,0)

[DEBUG] PE0 END PHASE_LOAD cycle=14 phase=LOAD topCount=0 accum=(0,0)
   MB[0] [Weight](Real)(done) destPE=0 =>(2,0)
   MB[1] [Weight](Complex)(done) destPE=0 =>(0,4)
   MB[2] [Partial](Complex)(done) destPE=1 =>(0,6)
   MB[3] [Partial](Complex)(done) destPE=1 =>(0,6)
   MB[4] [Weight](Complex)(done) destPE=1 =>(0,5)
   MB[5] [Weight](Complex)(done) destPE=1 =>(0,5)
   MB[6] [Partial](Real)(needsM) destPE=-1 =>(0,0)
   MB[7] [Partial](Real)(needsM) destPE=-1 =>(0,0)

[DEBUG] PE1 BEGIN cycle=14 phase=LOAD topCount=0 accum=(0,0)
   MB[0] [Weight](Real)(done) destPE=1 =>(3,0)
   MB[1] [Weight](Complex)(done) destPE=1 =>(0,5)
   MB[2] [Partial](Complex)(done) destPE=1 =>(0,6)
   MB[3] [Partial](Complex)(done) destPE=1 =>(0,6)
   MB[4] [Partial](Real)(needsM) destPE=1 =>(2,2)
   MB[5] [Partial](Real)(needsM) destPE=-1 =>(0,0)
   MB[6] [Partial](Real)(needsM) destPE=-1 =>(0,0)
   MB[7] [Partial](Real)(needsM) destPE=-1 =>(0,0)

[DEBUG] PE1 AFTER INGEST cycle=14 phase=LOAD topCount=0 accum=(0,0)
   MB[0] [Weight](Real)(done) destPE=1 =>(3,0)
   MB[1] [Weight](Complex)(done) destPE=1 =>(0,5)
   MB[2] [Partial](Complex)(done) destPE=1 =>(0,6)
   MB[3] [Partial](Complex)(done) destPE=1 =>(0,6)
   MB[4] [Partial](Real)(needsM) destPE=1 =>(2,2)
   MB[5] [Partial](Real)(needsM) destPE=-1 =>(0,0)
   MB[6] [Partial](Real)(needsM) destPE=-1 =>(0,0)
   MB[7] [Partial](Real)(needsM) destPE=-1 =>(0,0)

[DEBUG] PE1 AFTER IMMEDIATE LOAD WEIGHTS cycle=14 phase=LOAD topCount=0 accum=(0,0)
   MB[0] [Weight](Real)(done) destPE=1 =>(3,0)
   MB[1] [Weight](Complex)(done) destPE=1 =>(0,5)
   MB[2] [Partial](Complex)(done) destPE=1 =>(0,6)
   MB[3] [Partial](Complex)(done) destPE=1 =>(0,6)
   MB[4] [Partial](Real)(needsM) destPE=1 =>(2,2)
   MB[5] [Partial](Real)(needsM) destPE=-1 =>(0,0)
   MB[6] [Partial](Real)(needsM) destPE=-1 =>(0,0)
   MB[7] [Partial](Real)(needsM) destPE=-1 =>(0,0)

[DEBUG] PE1 END PHASE_LOAD cycle=14 phase=LOAD topCount=0 accum=(0,0)
   MB[0] [Weight](Real)(done) destPE=1 =>(3,0)
   MB[1] [Weight](Complex)(done) destPE=1 =>(0,5)
   MB[2] [Partial](Complex)(done) destPE=1 =>(0,6)
   MB[3] [Partial](Complex)(done) destPE=1 =>(0,6)
   MB[4] [Partial](Real)(needsM) destPE=1 =>(2,2)
   MB[5] [Partial](Real)(needsM) destPE=-1 =>(0,0)
   MB[6] [Partial](Real)(needsM) destPE=-1 =>(0,0)
   MB[7] [Partial](Real)(needsM) destPE=-1 =>(0,0)

[DEBUG] PE0 BEGIN cycle=15 phase=MULT topCount=0 accum=(0,0)
   MB[0] [Weight](Real)(done) destPE=0 =>(2,0)
   MB[1] [Weight](Complex)(done) destPE=0 =>(0,4)
   MB[2] [Partial](Complex)(done) destPE=1 =>(0,6)
   MB[3] [Partial](Complex)(done) destPE=1 =>(0,6)
   MB[4] [Weight](Complex)(done) destPE=1 =>(0,5)
   MB[5] [Weight](Complex)(done) destPE=1 =>(0,5)
   MB[6] [Partial](Real)(needsM) destPE=-1 =>(0,0)
   MB[7] [Partial](Real)(needsM) destPE=-1 =>(0,0)

[DEBUG] PE0 AFTER MULTIPLY cycle=15 phase=MULT topCount=0 accum=(0,0)
   MB[0] [Weight](Real)(done) destPE=0 =>(2,0)
   MB[1] [Weight](Complex)(done) destPE=0 =>(0,4)
   MB[2] [Partial](Complex)(done) destPE=1 =>(0,6)
   MB[3] [Partial](Complex)(done) destPE=1 =>(0,6)
   MB[4] [Weight](Complex)(done) destPE=1 =>(0,5)
   MB[5] [Weight](Complex)(done) destPE=1 =>(0,5)
   MB[6] [Partial](Real)(needsM) destPE=-1 =>(0,0)
   MB[7] [Partial](Real)(needsM) destPE=-1 =>(0,0)

[DEBUG] PE0 AFTER INSERT PRODUCED cycle=15 phase=MULT topCount=0 accum=(0,0)
   MB[0] [Weight](Real)(done) destPE=0 =>(2,0)
   MB[1] [Weight](Complex)(done) destPE=0 =>(0,4)
   MB[2] [Partial](Complex)(done) destPE=1 =>(0,6)
   MB[3] [Partial](Complex)(done) destPE=1 =>(0,6)
   MB[4] [Weight](Complex)(done) destPE=1 =>(0,5)
   MB[5] [Weight](Complex)(done) destPE=1 =>(0,5)
   MB[6] [Partial](Real)(needsM) destPE=-1 =>(0,0)
   MB[7] [Partial](Real)(needsM) destPE=-1 =>(0,0)

[DEBUG] PE0 END PHASE_MULT cycle=15 phase=MULT topCount=0 accum=(0,0)
   MB[0] [Weight](Real)(done) destPE=0 =>(2,0)
   MB[1] [Weight](Complex)(done) destPE=0 =>(0,4)
   MB[2] [Partial](Complex)(done) destPE=1 =>(0,6)
   MB[3] [Partial](Complex)(done) destPE=1 =>(0,6)
   MB[4] [Weight](Complex)(done) destPE=1 =>(0,5)
   MB[5] [Weight](Complex)(done) destPE=1 =>(0,5)
   MB[6] [Partial](Real)(needsM) destPE=-1 =>(0,0)
   MB[7] [Partial](Real)(needsM) destPE=-1 =>(0,0)

[DEBUG] PE1 BEGIN cycle=15 phase=MULT topCount=0 accum=(0,0)
   MB[0] [Weight](Real)(done) destPE=1 =>(3,0)
   MB[1] [Weight](Complex)(done) destPE=1 =>(0,5)
   MB[2] [Partial](Complex)(done) destPE=1 =>(0,6)
   MB[3] [Partial](Complex)(done) destPE=1 =>(0,6)
   MB[4] [Partial](Real)(needsM) destPE=1 =>(2,2)
   MB[5] [Partial](Real)(needsM) destPE=-1 =>(0,0)
   MB[6] [Partial](Real)(needsM) destPE=-1 =>(0,0)
   MB[7] [Partial](Real)(needsM) destPE=-1 =>(0,0)

[DEBUG] PE1 AFTER MULTIPLY cycle=15 phase=MULT topCount=0 accum=(0,0)
   MB[0] [Weight](Real)(done) destPE=1 =>(3,0)
   MB[1] [Weight](Complex)(done) destPE=1 =>(0,5)
   MB[2] [Partial](Complex)(done) destPE=1 =>(0,6)
   MB[3] [Partial](Complex)(done) destPE=1 =>(0,6)
   MB[4] [Partial](Real)(needsM) destPE=1 =>(2,2)
   MB[5] [Partial](Real)(needsM) destPE=-1 =>(0,0)
   MB[6] [Partial](Real)(needsM) destPE=-1 =>(0,0)
   MB[7] [Partial](Real)(needsM) destPE=-1 =>(0,0)

[DEBUG] PE1 AFTER INSERT PRODUCED cycle=15 phase=MULT topCount=0 accum=(0,0)
   MB[0] [Weight](Real)(done) destPE=1 =>(3,0)
   MB[1] [Weight](Complex)(done) destPE=1 =>(0,5)
   MB[2] [Partial](Complex)(done) destPE=1 =>(0,6)
   MB[3] [Partial](Complex)(done) destPE=1 =>(0,6)
   MB[4] [Partial](Real)(needsM) destPE=1 =>(2,2)
   MB[5] [Partial](Real)(needsM) destPE=-1 =>(0,0)
   MB[6] [Partial](Real)(needsM) destPE=-1 =>(0,0)
   MB[7] [Partial](Real)(needsM) destPE=-1 =>(0,0)

[DEBUG] PE1 END PHASE_MULT cycle=15 phase=MULT topCount=0 accum=(0,0)
   MB[0] [Weight](Real)(done) destPE=1 =>(3,0)
   MB[1] [Weight](Complex)(done) destPE=1 =>(0,5)
   MB[2] [Partial](Complex)(done) destPE=1 =>(0,6)
   MB[3] [Partial](Complex)(done) destPE=1 =>(0,6)
   MB[4] [Partial](Real)(needsM) destPE=1 =>(2,2)
   MB[5] [Partial](Real)(needsM) destPE=-1 =>(0,0)
   MB[6] [Partial](Real)(needsM) destPE=-1 =>(0,0)
   MB[7] [Partial](Real)(needsM) destPE=-1 =>(0,0)

[DEBUG] PE0 BEGIN cycle=16 phase=LOAD topCount=0 accum=(0,0)
   MB[0] [Weight](Real)(done) destPE=0 =>(2,0)
   MB[1] [Weight](Complex)(done) destPE=0 =>(0,4)
   MB[2] [Partial](Complex)(done) destPE=1 =>(0,6)
   MB[3] [Partial](Complex)(done) destPE=1 =>(0,6)
   MB[4] [Weight](Complex)(done) destPE=1 =>(0,5)
   MB[5] [Weight](Complex)(done) destPE=1 =>(0,5)
   MB[6] [Partial](Real)(needsM) destPE=-1 =>(0,0)
   MB[7] [Partial](Real)(needsM) destPE=-1 =>(0,0)

[DEBUG] PE0 AFTER INGEST cycle=16 phase=LOAD topCount=0 accum=(0,0)
   MB[0] [Weight](Real)(done) destPE=0 =>(2,0)
   MB[1] [Weight](Complex)(done) destPE=0 =>(0,4)
   MB[2] [Partial](Complex)(done) destPE=1 =>(0,6)
   MB[3] [Partial](Complex)(done) destPE=1 =>(0,6)
   MB[4] [Weight](Complex)(done) destPE=1 =>(0,5)
   MB[5] [Weight](Complex)(done) destPE=1 =>(0,5)
   MB[6] [Partial](Real)(needsM) destPE=-1 =>(0,0)
   MB[7] [Partial](Real)(needsM) destPE=-1 =>(0,0)

[DEBUG] PE0 AFTER IMMEDIATE LOAD WEIGHTS cycle=16 phase=LOAD topCount=0 accum=(0,0)
   MB[0] [Weight](Real)(done) destPE=0 =>(2,0)
   MB[1] [Weight](Complex)(done) destPE=0 =>(0,4)
   MB[2] [Partial](Complex)(done) destPE=1 =>(0,6)
   MB[3] [Partial](Complex)(done) destPE=1 =>(0,6)
   MB[4] [Weight](Complex)(done) destPE=1 =>(0,5)
   MB[5] [Weight](Complex)(done) destPE=1 =>(0,5)
   MB[6] [Partial](Real)(needsM) destPE=-1 =>(0,0)
   MB[7] [Partial](Real)(needsM) destPE=-1 =>(0,0)

[DEBUG] PE0 END PHASE_LOAD cycle=16 phase=LOAD topCount=0 accum=(0,0)
   MB[0] [Weight](Real)(done) destPE=0 =>(2,0)
   MB[1] [Weight](Complex)(done) destPE=0 =>(0,4)
   MB[2] [Partial](Complex)(done) destPE=1 =>(0,6)
   MB[3] [Partial](Complex)(done) destPE=1 =>(0,6)
   MB[4] [Weight](Complex)(done) destPE=1 =>(0,5)
   MB[5] [Weight](Complex)(done) destPE=1 =>(0,5)
   MB[6] [Partial](Real)(needsM) destPE=-1 =>(0,0)
   MB[7] [Partial](Real)(needsM) destPE=-1 =>(0,0)

[DEBUG] PE1 BEGIN cycle=16 phase=LOAD topCount=0 accum=(0,0)
   MB[0] [Weight](Real)(done) destPE=1 =>(3,0)
   MB[1] [Weight](Complex)(done) destPE=1 =>(0,5)
   MB[2] [Partial](Complex)(done) destPE=1 =>(0,6)
   MB[3] [Partial](Complex)(done) destPE=1 =>(0,6)
   MB[4] [Partial](Real)(needsM) destPE=1 =>(2,2)
   MB[5] [Partial](Real)(needsM) destPE=-1 =>(0,0)
   MB[6] [Partial](Real)(needsM) destPE=-1 =>(0,0)
   MB[7] [Partial](Real)(needsM) destPE=-1 =>(0,0)

[DEBUG] PE1 AFTER INGEST cycle=16 phase=LOAD topCount=0 accum=(0,0)
   MB[0] [Weight](Real)(done) destPE=1 =>(3,0)
   MB[1] [Weight](Complex)(done) destPE=1 =>(0,5)
   MB[2] [Partial](Complex)(done) destPE=1 =>(0,6)
   MB[3] [Partial](Complex)(done) destPE=1 =>(0,6)
   MB[4] [Partial](Real)(needsM) destPE=1 =>(2,2)
   MB[5] [Partial](Real)(needsM) destPE=-1 =>(0,0)
   MB[6] [Partial](Real)(needsM) destPE=-1 =>(0,0)
   MB[7] [Partial](Real)(needsM) destPE=-1 =>(0,0)

[DEBUG] PE1 AFTER IMMEDIATE LOAD WEIGHTS cycle=16 phase=LOAD topCount=0 accum=(0,0)
   MB[0] [Weight](Real)(done) destPE=1 =>(3,0)
   MB[1] [Weight](Complex)(done) destPE=1 =>(0,5)
   MB[2] [Partial](Complex)(done) destPE=1 =>(0,6)
   MB[3] [Partial](Complex)(done) destPE=1 =>(0,6)
   MB[4] [Partial](Real)(needsM) destPE=1 =>(2,2)
   MB[5] [Partial](Real)(needsM) destPE=-1 =>(0,0)
   MB[6] [Partial](Real)(needsM) destPE=-1 =>(0,0)
   MB[7] [Partial](Real)(needsM) destPE=-1 =>(0,0)

[DEBUG] PE1 END PHASE_LOAD cycle=16 phase=LOAD topCount=0 accum=(0,0)
   MB[0] [Weight](Real)(done) destPE=1 =>(3,0)
   MB[1] [Weight](Complex)(done) destPE=1 =>(0,5)
   MB[2] [Partial](Complex)(done) destPE=1 =>(0,6)
   MB[3] [Partial](Complex)(done) destPE=1 =>(0,6)
   MB[4] [Partial](Real)(needsM) destPE=1 =>(2,2)
   MB[5] [Partial](Real)(needsM) destPE=-1 =>(0,0)
   MB[6] [Partial](Real)(needsM) destPE=-1 =>(0,0)
   MB[7] [Partial](Real)(needsM) destPE=-1 =>(0,0)

[DEBUG] PE0 BEGIN cycle=17 phase=MULT topCount=0 accum=(0,0)
   MB[0] [Weight](Real)(done) destPE=0 =>(2,0)
   MB[1] [Weight](Complex)(done) destPE=0 =>(0,4)
   MB[2] [Partial](Complex)(done) destPE=1 =>(0,6)
   MB[3] [Partial](Complex)(done) destPE=1 =>(0,6)
   MB[4] [Weight](Complex)(done) destPE=1 =>(0,5)
   MB[5] [Weight](Complex)(done) destPE=1 =>(0,5)
   MB[6] [Partial](Real)(needsM) destPE=-1 =>(0,0)
   MB[7] [Partial](Real)(needsM) destPE=-1 =>(0,0)

[DEBUG] PE0 AFTER MULTIPLY cycle=17 phase=MULT topCount=0 accum=(0,0)
   MB[0] [Weight](Real)(done) destPE=0 =>(2,0)
   MB[1] [Weight](Complex)(done) destPE=0 =>(0,4)
   MB[2] [Partial](Complex)(done) destPE=1 =>(0,6)
   MB[3] [Partial](Complex)(done) destPE=1 =>(0,6)
   MB[4] [Weight](Complex)(done) destPE=1 =>(0,5)
   MB[5] [Weight](Complex)(done) destPE=1 =>(0,5)
   MB[6] [Partial](Real)(needsM) destPE=-1 =>(0,0)
   MB[7] [Partial](Real)(needsM) destPE=-1 =>(0,0)

[DEBUG] PE0 AFTER INSERT PRODUCED cycle=17 phase=MULT topCount=0 accum=(0,0)
   MB[0] [Weight](Real)(done) destPE=0 =>(2,0)
   MB[1] [Weight](Complex)(done) destPE=0 =>(0,4)
   MB[2] [Partial](Complex)(done) destPE=1 =>(0,6)
   MB[3] [Partial](Complex)(done) destPE=1 =>(0,6)
   MB[4] [Weight](Complex)(done) destPE=1 =>(0,5)
   MB[5] [Weight](Complex)(done) destPE=1 =>(0,5)
   MB[6] [Partial](Real)(needsM) destPE=-1 =>(0,0)
   MB[7] [Partial](Real)(needsM) destPE=-1 =>(0,0)

[DEBUG] PE0 END PHASE_MULT cycle=17 phase=MULT topCount=0 accum=(0,0)
   MB[0] [Weight](Real)(done) destPE=0 =>(2,0)
   MB[1] [Weight](Complex)(done) destPE=0 =>(0,4)
   MB[2] [Partial](Complex)(done) destPE=1 =>(0,6)
   MB[3] [Partial](Complex)(done) destPE=1 =>(0,6)
   MB[4] [Weight](Complex)(done) destPE=1 =>(0,5)
   MB[5] [Weight](Complex)(done) destPE=1 =>(0,5)
   MB[6] [Partial](Real)(needsM) destPE=-1 =>(0,0)
   MB[7] [Partial](Real)(needsM) destPE=-1 =>(0,0)

[DEBUG] PE1 BEGIN cycle=17 phase=MULT topCount=0 accum=(0,0)
   MB[0] [Weight](Real)(done) destPE=1 =>(3,0)
   MB[1] [Weight](Complex)(done) destPE=1 =>(0,5)
   MB[2] [Partial](Complex)(done) destPE=1 =>(0,6)
   MB[3] [Partial](Complex)(done) destPE=1 =>(0,6)
   MB[4] [Partial](Real)(needsM) destPE=1 =>(2,2)
   MB[5] [Partial](Real)(needsM) destPE=-1 =>(0,0)
   MB[6] [Partial](Real)(needsM) destPE=-1 =>(0,0)
   MB[7] [Partial](Real)(needsM) destPE=-1 =>(0,0)

[DEBUG] PE1 AFTER MULTIPLY cycle=17 phase=MULT topCount=0 accum=(0,0)
   MB[0] [Weight](Real)(done) destPE=1 =>(3,0)
   MB[1] [Weight](Complex)(done) destPE=1 =>(0,5)
   MB[2] [Partial](Complex)(done) destPE=1 =>(0,6)
   MB[3] [Partial](Complex)(done) destPE=1 =>(0,6)
   MB[4] [Partial](Real)(needsM) destPE=1 =>(2,2)
   MB[5] [Partial](Real)(needsM) destPE=-1 =>(0,0)
   MB[6] [Partial](Real)(needsM) destPE=-1 =>(0,0)
   MB[7] [Partial](Real)(needsM) destPE=-1 =>(0,0)

[DEBUG] PE1 AFTER INSERT PRODUCED cycle=17 phase=MULT topCount=0 accum=(0,0)
   MB[0] [Weight](Real)(done) destPE=1 =>(3,0)
   MB[1] [Weight](Complex)(done) destPE=1 =>(0,5)
   MB[2] [Partial](Complex)(done) destPE=1 =>(0,6)
   MB[3] [Partial](Complex)(done) destPE=1 =>(0,6)
   MB[4] [Partial](Real)(needsM) destPE=1 =>(2,2)
   MB[5] [Partial](Real)(needsM) destPE=-1 =>(0,0)
   MB[6] [Partial](Real)(needsM) destPE=-1 =>(0,0)
   MB[7] [Partial](Real)(needsM) destPE=-1 =>(0,0)

[DEBUG] PE1 END PHASE_MULT cycle=17 phase=MULT topCount=0 accum=(0,0)
   MB[0] [Weight](Real)(done) destPE=1 =>(3,0)
   MB[1] [Weight](Complex)(done) destPE=1 =>(0,5)
   MB[2] [Partial](Complex)(done) destPE=1 =>(0,6)
   MB[3] [Partial](Complex)(done) destPE=1 =>(0,6)
   MB[4] [Partial](Real)(needsM) destPE=1 =>(2,2)
   MB[5] [Partial](Real)(needsM) destPE=-1 =>(0,0)
   MB[6] [Partial](Real)(needsM) destPE=-1 =>(0,0)
   MB[7] [Partial](Real)(needsM) destPE=-1 =>(0,0)

[DEBUG] PE0 BEGIN cycle=18 phase=LOAD topCount=0 accum=(0,0)
   MB[0] [Weight](Real)(done) destPE=0 =>(2,0)
   MB[1] [Weight](Complex)(done) destPE=0 =>(0,4)
   MB[2] [Partial](Complex)(done) destPE=1 =>(0,6)
   MB[3] [Partial](Complex)(done) destPE=1 =>(0,6)
   MB[4] [Weight](Complex)(done) destPE=1 =>(0,5)
   MB[5] [Weight](Complex)(done) destPE=1 =>(0,5)
   MB[6] [Partial](Real)(needsM) destPE=-1 =>(0,0)
   MB[7] [Partial](Real)(needsM) destPE=-1 =>(0,0)

[DEBUG] PE0 AFTER INGEST cycle=18 phase=LOAD topCount=0 accum=(0,0)
   MB[0] [Weight](Real)(done) destPE=0 =>(2,0)
   MB[1] [Weight](Complex)(done) destPE=0 =>(0,4)
   MB[2] [Partial](Complex)(done) destPE=1 =>(0,6)
   MB[3] [Partial](Complex)(done) destPE=1 =>(0,6)
   MB[4] [Weight](Complex)(done) destPE=1 =>(0,5)
   MB[5] [Weight](Complex)(done) destPE=1 =>(0,5)
   MB[6] [Partial](Real)(needsM) destPE=-1 =>(0,0)
   MB[7] [Partial](Real)(needsM) destPE=-1 =>(0,0)

[DEBUG] PE0 AFTER IMMEDIATE LOAD WEIGHTS cycle=18 phase=LOAD topCount=0 accum=(0,0)
   MB[0] [Weight](Real)(done) destPE=0 =>(2,0)
   MB[1] [Weight](Complex)(done) destPE=0 =>(0,4)
   MB[2] [Partial](Complex)(done) destPE=1 =>(0,6)
   MB[3] [Partial](Complex)(done) destPE=1 =>(0,6)
   MB[4] [Weight](Complex)(done) destPE=1 =>(0,5)
   MB[5] [Weight](Complex)(done) destPE=1 =>(0,5)
   MB[6] [Partial](Real)(needsM) destPE=-1 =>(0,0)
   MB[7] [Partial](Real)(needsM) destPE=-1 =>(0,0)

[DEBUG] PE0 END PHASE_LOAD cycle=18 phase=LOAD topCount=0 accum=(0,0)
   MB[0] [Weight](Real)(done) destPE=0 =>(2,0)
   MB[1] [Weight](Complex)(done) destPE=0 =>(0,4)
   MB[2] [Partial](Complex)(done) destPE=1 =>(0,6)
   MB[3] [Partial](Complex)(done) destPE=1 =>(0,6)
   MB[4] [Weight](Complex)(done) destPE=1 =>(0,5)
   MB[5] [Weight](Complex)(done) destPE=1 =>(0,5)
   MB[6] [Partial](Real)(needsM) destPE=-1 =>(0,0)
   MB[7] [Partial](Real)(needsM) destPE=-1 =>(0,0)

[DEBUG] PE1 BEGIN cycle=18 phase=LOAD topCount=0 accum=(0,0)
   MB[0] [Weight](Real)(done) destPE=1 =>(3,0)
   MB[1] [Weight](Complex)(done) destPE=1 =>(0,5)
   MB[2] [Partial](Complex)(done) destPE=1 =>(0,6)
   MB[3] [Partial](Complex)(done) destPE=1 =>(0,6)
   MB[4] [Partial](Real)(needsM) destPE=1 =>(2,2)
   MB[5] [Partial](Real)(needsM) destPE=-1 =>(0,0)
   MB[6] [Partial](Real)(needsM) destPE=-1 =>(0,0)
   MB[7] [Partial](Real)(needsM) destPE=-1 =>(0,0)

[DEBUG] PE1 AFTER INGEST cycle=18 phase=LOAD topCount=0 accum=(0,0)
   MB[0] [Weight](Real)(done) destPE=1 =>(3,0)
   MB[1] [Weight](Complex)(done) destPE=1 =>(0,5)
   MB[2] [Partial](Complex)(done) destPE=1 =>(0,6)
   MB[3] [Partial](Complex)(done) destPE=1 =>(0,6)
   MB[4] [Partial](Real)(needsM) destPE=1 =>(2,2)
   MB[5] [Partial](Real)(needsM) destPE=-1 =>(0,0)
   MB[6] [Partial](Real)(needsM) destPE=-1 =>(0,0)
   MB[7] [Partial](Real)(needsM) destPE=-1 =>(0,0)

[DEBUG] PE1 AFTER IMMEDIATE LOAD WEIGHTS cycle=18 phase=LOAD topCount=0 accum=(0,0)
   MB[0] [Weight](Real)(done) destPE=1 =>(3,0)
   MB[1] [Weight](Complex)(done) destPE=1 =>(0,5)
   MB[2] [Partial](Complex)(done) destPE=1 =>(0,6)
   MB[3] [Partial](Complex)(done) destPE=1 =>(0,6)
   MB[4] [Partial](Real)(needsM) destPE=1 =>(2,2)
   MB[5] [Partial](Real)(needsM) destPE=-1 =>(0,0)
   MB[6] [Partial](Real)(needsM) destPE=-1 =>(0,0)
   MB[7] [Partial](Real)(needsM) destPE=-1 =>(0,0)

[DEBUG] PE1 END PHASE_LOAD cycle=18 phase=LOAD topCount=0 accum=(0,0)
   MB[0] [Weight](Real)(done) destPE=1 =>(3,0)
   MB[1] [Weight](Complex)(done) destPE=1 =>(0,5)
   MB[2] [Partial](Complex)(done) destPE=1 =>(0,6)
   MB[3] [Partial](Complex)(done) destPE=1 =>(0,6)
   MB[4] [Partial](Real)(needsM) destPE=1 =>(2,2)
   MB[5] [Partial](Real)(needsM) destPE=-1 =>(0,0)
   MB[6] [Partial](Real)(needsM) destPE=-1 =>(0,0)
   MB[7] [Partial](Real)(needsM) destPE=-1 =>(0,0)

[DEBUG] PE0 BEGIN cycle=19 phase=MULT topCount=0 accum=(0,0)
   MB[0] [Weight](Real)(done) destPE=0 =>(2,0)
   MB[1] [Weight](Complex)(done) destPE=0 =>(0,4)
   MB[2] [Partial](Complex)(done) destPE=1 =>(0,6)
   MB[3] [Partial](Complex)(done) destPE=1 =>(0,6)
   MB[4] [Weight](Complex)(done) destPE=1 =>(0,5)
   MB[5] [Weight](Complex)(done) destPE=1 =>(0,5)
   MB[6] [Partial](Real)(needsM) destPE=-1 =>(0,0)
   MB[7] [Partial](Real)(needsM) destPE=-1 =>(0,0)

[DEBUG] PE0 AFTER MULTIPLY cycle=19 phase=MULT topCount=0 accum=(0,0)
   MB[0] [Weight](Real)(done) destPE=0 =>(2,0)
   MB[1] [Weight](Complex)(done) destPE=0 =>(0,4)
   MB[2] [Partial](Complex)(done) destPE=1 =>(0,6)
   MB[3] [Partial](Complex)(done) destPE=1 =>(0,6)
   MB[4] [Weight](Complex)(done) destPE=1 =>(0,5)
   MB[5] [Weight](Complex)(done) destPE=1 =>(0,5)
   MB[6] [Partial](Real)(needsM) destPE=-1 =>(0,0)
   MB[7] [Partial](Real)(needsM) destPE=-1 =>(0,0)

[DEBUG] PE0 AFTER INSERT PRODUCED cycle=19 phase=MULT topCount=0 accum=(0,0)
   MB[0] [Weight](Real)(done) destPE=0 =>(2,0)
   MB[1] [Weight](Complex)(done) destPE=0 =>(0,4)
   MB[2] [Partial](Complex)(done) destPE=1 =>(0,6)
   MB[3] [Partial](Complex)(done) destPE=1 =>(0,6)
   MB[4] [Weight](Complex)(done) destPE=1 =>(0,5)
   MB[5] [Weight](Complex)(done) destPE=1 =>(0,5)
   MB[6] [Partial](Real)(needsM) destPE=-1 =>(0,0)
   MB[7] [Partial](Real)(needsM) destPE=-1 =>(0,0)

[DEBUG] PE0 END PHASE_MULT cycle=19 phase=MULT topCount=0 accum=(0,0)
   MB[0] [Weight](Real)(done) destPE=0 =>(2,0)
   MB[1] [Weight](Complex)(done) destPE=0 =>(0,4)
   MB[2] [Partial](Complex)(done) destPE=1 =>(0,6)
   MB[3] [Partial](Complex)(done) destPE=1 =>(0,6)
   MB[4] [Weight](Complex)(done) destPE=1 =>(0,5)
   MB[5] [Weight](Complex)(done) destPE=1 =>(0,5)
   MB[6] [Partial](Real)(needsM) destPE=-1 =>(0,0)
   MB[7] [Partial](Real)(needsM) destPE=-1 =>(0,0)

[DEBUG] PE1 BEGIN cycle=19 phase=MULT topCount=0 accum=(0,0)
   MB[0] [Weight](Real)(done) destPE=1 =>(3,0)
   MB[1] [Weight](Complex)(done) destPE=1 =>(0,5)
   MB[2] [Partial](Complex)(done) destPE=1 =>(0,6)
   MB[3] [Partial](Complex)(done) destPE=1 =>(0,6)
   MB[4] [Partial](Real)(needsM) destPE=1 =>(2,2)
   MB[5] [Partial](Real)(needsM) destPE=-1 =>(0,0)
   MB[6] [Partial](Real)(needsM) destPE=-1 =>(0,0)
   MB[7] [Partial](Real)(needsM) destPE=-1 =>(0,0)

[DEBUG] PE1 AFTER MULTIPLY cycle=19 phase=MULT topCount=0 accum=(0,0)
   MB[0] [Weight](Real)(done) destPE=1 =>(3,0)
   MB[1] [Weight](Complex)(done) destPE=1 =>(0,5)
   MB[2] [Partial](Complex)(done) destPE=1 =>(0,6)
   MB[3] [Partial](Complex)(done) destPE=1 =>(0,6)
   MB[4] [Partial](Real)(needsM) destPE=1 =>(2,2)
   MB[5] [Partial](Real)(needsM) destPE=-1 =>(0,0)
   MB[6] [Partial](Real)(needsM) destPE=-1 =>(0,0)
   MB[7] [Partial](Real)(needsM) destPE=-1 =>(0,0)

[DEBUG] PE1 AFTER INSERT PRODUCED cycle=19 phase=MULT topCount=0 accum=(0,0)
   MB[0] [Weight](Real)(done) destPE=1 =>(3,0)
   MB[1] [Weight](Complex)(done) destPE=1 =>(0,5)
   MB[2] [Partial](Complex)(done) destPE=1 =>(0,6)
   MB[3] [Partial](Complex)(done) destPE=1 =>(0,6)
   MB[4] [Partial](Real)(needsM) destPE=1 =>(2,2)
   MB[5] [Partial](Real)(needsM) destPE=-1 =>(0,0)
   MB[6] [Partial](Real)(needsM) destPE=-1 =>(0,0)
   MB[7] [Partial](Real)(needsM) destPE=-1 =>(0,0)

[DEBUG] PE1 END PHASE_MULT cycle=19 phase=MULT topCount=0 accum=(0,0)
   MB[0] [Weight](Real)(done) destPE=1 =>(3,0)
   MB[1] [Weight](Complex)(done) destPE=1 =>(0,5)
   MB[2] [Partial](Complex)(done) destPE=1 =>(0,6)
   MB[3] [Partial](Complex)(done) destPE=1 =>(0,6)
   MB[4] [Partial](Real)(needsM) destPE=1 =>(2,2)
   MB[5] [Partial](Real)(needsM) destPE=-1 =>(0,0)
   MB[6] [Partial](Real)(needsM) destPE=-1 =>(0,0)
   MB[7] [Partial](Real)(needsM) destPE=-1 =>(0,0)
Final output items:
Item 0 [Partial](Real)(done) destPE=-1 =>(-4.00,0.00) SoF=0
Item 1 [Partial](Complex)(done) destPE=-1 =>(0.00,16.00) SoF=0
Item 2 [Partial](Real)(done) destPE=1 =>(-2.00,0.00) SoF=0
Item 3 [Partial](Complex)(done) destPE=1 =>(0.00,6.00) SoF=0
INFO [HLS SIM]: The maximum depth reached by any hls::stream() instance in the design is 6
INFO: [SIM 1] CSim done with 0 errors.
INFO: [SIM 3] *************** CSIM finish ***************
